<?xml version="1.0" encoding="UTF-8"?>
<!-- Generated by org.testng.reporters.JUnitXMLReporter -->
<testsuite hostname="pond.jfrog.org" name="AclsDaoTest" tests="13" failures="0" timestamp="13 May 2013 13:12:26 GMT" time="0.447" errors="0">
  <testcase name="testCreateAclNoAces" time="0.029" classname="org.artifactory.storage.db.security.itest.dao.AclsDaoTest"/>
  <testcase name="testCreatePermissionTargetNoRepoKeys" time="0.02" classname="org.artifactory.storage.db.security.itest.dao.AclsDaoTest"/>
  <testcase name="testFindAclById" time="0.004" classname="org.artifactory.storage.db.security.itest.dao.AclsDaoTest"/>
  <testcase name="testFindAclByPermissionTargetId" time="0.003" classname="org.artifactory.storage.db.security.itest.dao.AclsDaoTest"/>
  <testcase name="testLoadPermissionTargets" time="0.006" classname="org.artifactory.storage.db.security.itest.dao.AclsDaoTest"/>
  <testcase name="testUserOrGroupHasAce" time="0.015" classname="org.artifactory.storage.db.security.itest.dao.AclsDaoTest"/>
  <testcase name="verifyDbResourcesReleased" time="0.0" classname="org.artifactory.storage.db.security.itest.dao.AclsDaoTest"/>
  <testcase name="testCreateAclWithAces" time="0.01" classname="org.artifactory.storage.db.security.itest.dao.AclsDaoTest"/>
  <testcase name="testCreatePermissionTargetWithRepoKeys" time="0.008" classname="org.artifactory.storage.db.security.itest.dao.AclsDaoTest"/>
  <testcase name="testCreatePermissionTargetWrongRepoKeys" time="0.002" classname="org.artifactory.storage.db.security.itest.dao.AclsDaoTest"/>
  <testcase name="testDeleteAcls" time="0.028" classname="org.artifactory.storage.db.security.itest.dao.AclsDaoTest"/>
  <testcase name="testDeletePermissionTarget" time="0.004" classname="org.artifactory.storage.db.security.itest.dao.AclsDaoTest"/>
  <testcase name="testLoadAllAcls" time="0.01" classname="org.artifactory.storage.db.security.itest.dao.AclsDaoTest"/>
</testsuite> <!-- AclsDaoTest -->
