<?xml version="1.0" encoding="UTF-8"?>
<!-- Generated by org.testng.reporters.JUnitXMLReporter -->
<testsuite hostname="pond.jfrog.org" name="ArchiveEntriesImplTest" tests="9" failures="0" timestamp="13 May 2013 13:12:25 GMT" time="0.206" errors="0">
  <testcase name="deleteEntriesNotIndexed" time="0.0" classname="org.artifactory.storage.db.fs.itest.service.ArchiveEntriesServiceImplTest"/>
  <testcase name="deleteKeepsPathAndName" time="0.027" classname="org.artifactory.storage.db.fs.itest.service.ArchiveEntriesServiceImplTest"/>
  <testcase name="getEntries" time="0.006" classname="org.artifactory.storage.db.fs.itest.service.ArchiveEntriesServiceImplTest"/>
  <testcase name="hasEntries" time="0.001" classname="org.artifactory.storage.db.fs.itest.service.ArchiveEntriesServiceImplTest"/>
  <testcase name="hasEntriesNoSuchChecksum" time="0.0" classname="org.artifactory.storage.db.fs.itest.service.ArchiveEntriesServiceImplTest"/>
  <testcase name="insertEntries" time="0.014" classname="org.artifactory.storage.db.fs.itest.service.ArchiveEntriesServiceImplTest"/>
  <testcase name="insertEntriesReusedPathAndName" time="0.024" classname="org.artifactory.storage.db.fs.itest.service.ArchiveEntriesServiceImplTest"/>
  <testcase name="verifyDbResourcesReleased" time="0.0" classname="org.artifactory.storage.db.fs.itest.service.ArchiveEntriesServiceImplTest"/>
  <testcase name="deleteEntries" time="0.005" classname="org.artifactory.storage.db.fs.itest.service.ArchiveEntriesServiceImplTest"/>
</testsuite> <!-- ArchiveEntriesImplTest -->
