<?xml version="1.0" encoding="UTF-8"?>
<!-- Generated by org.testng.reporters.JUnitXMLReporter -->
<testsuite hostname="pond.jfrog.org" name="BinaryStoreExternalProviderMoveTest" tests="11" failures="0" timestamp="13 May 2013 13:12:29 GMT" time="0.175" errors="0">
  <testcase name="testEmpty" time="0.011" classname="org.artifactory.storage.db.binstore.itest.service.BinaryStoreExternalProviderMoveTest"/>
  <testcase name="verifyDbResourcesReleased" time="0.0" classname="org.artifactory.storage.db.binstore.itest.service.BinaryStoreExternalProviderMoveTest"/>
  <testcase name="testLoadResources" time="0.004" classname="org.artifactory.storage.db.binstore.itest.service.BinaryStoreExternalProviderMoveTest"/>
  <testcase name="testLoadResources" time="0.003" classname="org.artifactory.storage.db.binstore.itest.service.BinaryStoreExternalProviderMoveTest"/>
  <testcase name="testLoadResources" time="0.003" classname="org.artifactory.storage.db.binstore.itest.service.BinaryStoreExternalProviderMoveTest"/>
  <testcase name="testLoadResources" time="0.003" classname="org.artifactory.storage.db.binstore.itest.service.BinaryStoreExternalProviderMoveTest"/>
  <testcase name="testLoadedNothingToDelete" time="0.033" classname="org.artifactory.storage.db.binstore.itest.service.BinaryStoreExternalProviderMoveTest"/>
  <testcase name="testGarbageOneByOne" time="0.013" classname="org.artifactory.storage.db.binstore.itest.service.BinaryStoreExternalProviderMoveTest"/>
  <testcase name="testGarbageOneByOne" time="0.012" classname="org.artifactory.storage.db.binstore.itest.service.BinaryStoreExternalProviderMoveTest"/>
  <testcase name="testGarbageOneByOne" time="0.012" classname="org.artifactory.storage.db.binstore.itest.service.BinaryStoreExternalProviderMoveTest"/>
  <testcase name="testGarbageOneByOne" time="0.01" classname="org.artifactory.storage.db.binstore.itest.service.BinaryStoreExternalProviderMoveTest"/>
</testsuite> <!-- BinaryStoreExternalProviderMoveTest -->
