<?xml version="1.0" encoding="UTF-8"?>
<!-- Generated by org.testng.reporters.JUnitXMLReporter -->
<testsuite hostname="pond.jfrog.org" name="BinaryStoreImplFileProviderTest" tests="11" failures="0" timestamp="13 May 2013 13:12:28 GMT" time="0.314" errors="0">
  <testcase name="testEmpty" time="0.064" classname="org.artifactory.storage.db.binstore.itest.service.BinaryStoreImplFileProviderTest"/>
  <testcase name="verifyDbResourcesReleased" time="0.0" classname="org.artifactory.storage.db.binstore.itest.service.BinaryStoreImplFileProviderTest"/>
  <testcase name="testLoadResources" time="0.018" classname="org.artifactory.storage.db.binstore.itest.service.BinaryStoreImplFileProviderTest"/>
  <testcase name="testLoadResources" time="0.004" classname="org.artifactory.storage.db.binstore.itest.service.BinaryStoreImplFileProviderTest"/>
  <testcase name="testLoadResources" time="0.005" classname="org.artifactory.storage.db.binstore.itest.service.BinaryStoreImplFileProviderTest"/>
  <testcase name="testLoadResources" time="0.005" classname="org.artifactory.storage.db.binstore.itest.service.BinaryStoreImplFileProviderTest"/>
  <testcase name="testLoadedNothingToDelete" time="0.049" classname="org.artifactory.storage.db.binstore.itest.service.BinaryStoreImplFileProviderTest"/>
  <testcase name="testGarbageOneByOne" time="0.049" classname="org.artifactory.storage.db.binstore.itest.service.BinaryStoreImplFileProviderTest"/>
  <testcase name="testGarbageOneByOne" time="0.014" classname="org.artifactory.storage.db.binstore.itest.service.BinaryStoreImplFileProviderTest"/>
  <testcase name="testGarbageOneByOne" time="0.013" classname="org.artifactory.storage.db.binstore.itest.service.BinaryStoreImplFileProviderTest"/>
  <testcase name="testGarbageOneByOne" time="0.011" classname="org.artifactory.storage.db.binstore.itest.service.BinaryStoreImplFileProviderTest"/>
</testsuite> <!-- BinaryStoreImplFileProviderTest -->
