<?xml version="1.0" encoding="UTF-8"?>
<!-- Generated by org.testng.reporters.JUnitXMLReporter -->
<testsuite hostname="pond.jfrog.org" name="BinaryStoreImplCachedDbProviderTest" tests="11" failures="0" timestamp="13 May 2013 13:12:29 GMT" time="0.23" errors="0">
  <testcase name="testEmpty" time="0.017" classname="org.artifactory.storage.db.binstore.itest.service.BinaryStoreImplCachedDbProviderTest"/>
  <testcase name="verifyDbResourcesReleased" time="0.0" classname="org.artifactory.storage.db.binstore.itest.service.BinaryStoreImplCachedDbProviderTest"/>
  <testcase name="testLoadResources" time="0.028" classname="org.artifactory.storage.db.binstore.itest.service.BinaryStoreImplCachedDbProviderTest"/>
  <testcase name="testLoadResources" time="0.006" classname="org.artifactory.storage.db.binstore.itest.service.BinaryStoreImplCachedDbProviderTest"/>
  <testcase name="testLoadResources" time="0.006" classname="org.artifactory.storage.db.binstore.itest.service.BinaryStoreImplCachedDbProviderTest"/>
  <testcase name="testLoadResources" time="0.006" classname="org.artifactory.storage.db.binstore.itest.service.BinaryStoreImplCachedDbProviderTest"/>
  <testcase name="testLoadedNothingToDelete" time="0.033" classname="org.artifactory.storage.db.binstore.itest.service.BinaryStoreImplCachedDbProviderTest"/>
  <testcase name="testGarbageOneByOne" time="0.019" classname="org.artifactory.storage.db.binstore.itest.service.BinaryStoreImplCachedDbProviderTest"/>
  <testcase name="testGarbageOneByOne" time="0.013" classname="org.artifactory.storage.db.binstore.itest.service.BinaryStoreImplCachedDbProviderTest"/>
  <testcase name="testGarbageOneByOne" time="0.011" classname="org.artifactory.storage.db.binstore.itest.service.BinaryStoreImplCachedDbProviderTest"/>
  <testcase name="testGarbageOneByOne" time="0.012" classname="org.artifactory.storage.db.binstore.itest.service.BinaryStoreImplCachedDbProviderTest"/>
</testsuite> <!-- BinaryStoreImplCachedDbProviderTest -->
