<?xml version="1.0" encoding="UTF-8"?>
<!-- Generated by org.testng.reporters.JUnitXMLReporter -->
<testsuite hostname="pond.jfrog.org" name="BinaryStoreExternalProviderCopyOnReadTest" tests="11" failures="0" timestamp="13 May 2013 13:12:29 GMT" time="0.193" errors="0">
  <testcase name="testEmpty" time="0.011" classname="org.artifactory.storage.db.binstore.itest.service.BinaryStoreExternalProviderCopyOnReadTest"/>
  <testcase name="verifyDbResourcesReleased" time="0.0" classname="org.artifactory.storage.db.binstore.itest.service.BinaryStoreExternalProviderCopyOnReadTest"/>
  <testcase name="testLoadResources" time="0.004" classname="org.artifactory.storage.db.binstore.itest.service.BinaryStoreExternalProviderCopyOnReadTest"/>
  <testcase name="testLoadResources" time="0.003" classname="org.artifactory.storage.db.binstore.itest.service.BinaryStoreExternalProviderCopyOnReadTest"/>
  <testcase name="testLoadResources" time="0.003" classname="org.artifactory.storage.db.binstore.itest.service.BinaryStoreExternalProviderCopyOnReadTest"/>
  <testcase name="testLoadResources" time="0.003" classname="org.artifactory.storage.db.binstore.itest.service.BinaryStoreExternalProviderCopyOnReadTest"/>
  <testcase name="testLoadedNothingToDelete" time="0.037" classname="org.artifactory.storage.db.binstore.itest.service.BinaryStoreExternalProviderCopyOnReadTest"/>
  <testcase name="testGarbageOneByOne" time="0.026" classname="org.artifactory.storage.db.binstore.itest.service.BinaryStoreExternalProviderCopyOnReadTest"/>
  <testcase name="testGarbageOneByOne" time="0.013" classname="org.artifactory.storage.db.binstore.itest.service.BinaryStoreExternalProviderCopyOnReadTest"/>
  <testcase name="testGarbageOneByOne" time="0.011" classname="org.artifactory.storage.db.binstore.itest.service.BinaryStoreExternalProviderCopyOnReadTest"/>
  <testcase name="testGarbageOneByOne" time="0.01" classname="org.artifactory.storage.db.binstore.itest.service.BinaryStoreExternalProviderCopyOnReadTest"/>
</testsuite> <!-- BinaryStoreExternalProviderCopyOnReadTest -->
