<?xml version="1.0" encoding="UTF-8"?>
<!-- Generated by org.testng.reporters.JUnitXMLReporter -->
<testsuite hostname="pond.jfrog.org" name="BuildsDaoTest" tests="12" failures="0" timestamp="13 May 2013 13:12:27 GMT" time="0.695" errors="0">
  <testcase name="testCreateBuildSameNameAndNumber" time="0.329" classname="org.artifactory.storage.db.build.itest.dao.BuildsDaoTest"/>
  <testcase name="testCreateBuildWithPromotions" time="0.013" classname="org.artifactory.storage.db.build.itest.dao.BuildsDaoTest"/>
  <testcase name="testCreateBuildWithProps" time="0.011" classname="org.artifactory.storage.db.build.itest.dao.BuildsDaoTest"/>
  <testcase name="testCreateBuildWithPropsAndPromotions" time="0.008" classname="org.artifactory.storage.db.build.itest.dao.BuildsDaoTest"/>
  <testcase name="testSimpleCreateBuild" time="0.005" classname="org.artifactory.storage.db.build.itest.dao.BuildsDaoTest"/>
  <testcase name="verifyDbResourcesReleased" time="0.001" classname="org.artifactory.storage.db.build.itest.dao.BuildsDaoTest"/>
  <testcase name="testReadBuildsById" time="0.01" classname="org.artifactory.storage.db.build.itest.dao.BuildsDaoTest"/>
  <testcase name="testCreateBuildSameId" time="0.004" classname="org.artifactory.storage.db.build.itest.dao.BuildsDaoTest"/>
  <testcase name="testReadBuildsByFullPath" time="0.017" classname="org.artifactory.storage.db.build.itest.dao.BuildsDaoTest"/>
  <testcase name="testFindLatestBuildDate" time="0.011" classname="org.artifactory.storage.db.build.itest.dao.BuildsDaoTest"/>
  <testcase name="testDeleteBuilds" time="0.059" classname="org.artifactory.storage.db.build.itest.dao.BuildsDaoTest"/>
  <testcase name="testReadBuildsByName" time="0.009" classname="org.artifactory.storage.db.build.itest.dao.BuildsDaoTest"/>
</testsuite> <!-- BuildsDaoTest -->
