<?xml version="1.0" encoding="UTF-8"?>
<!-- Generated by org.testng.reporters.JUnitXMLReporter -->
<testsuite hostname="pond.jfrog.org" name="BuildArtifactsDaoTest" tests="7" failures="0" timestamp="13 May 2013 13:12:28 GMT" time="0.166" errors="0">
  <testcase name="testCreateMultipleArtifacts" time="0.042" classname="org.artifactory.storage.db.build.itest.dao.BuildArtifactsDaoTest"/>
  <testcase name="testCreateNullChecksumsDependencies" time="0.01" classname="org.artifactory.storage.db.build.itest.dao.BuildArtifactsDaoTest"/>
  <testcase name="testCreateSimpleArtifact" time="0.01" classname="org.artifactory.storage.db.build.itest.dao.BuildArtifactsDaoTest"/>
  <testcase name="verifyDbResourcesReleased" time="0.0" classname="org.artifactory.storage.db.build.itest.dao.BuildArtifactsDaoTest"/>
  <testcase name="testFindByMd5" time="0.007" classname="org.artifactory.storage.db.build.itest.dao.BuildArtifactsDaoTest"/>
  <testcase name="testFindBySha1" time="0.007" classname="org.artifactory.storage.db.build.itest.dao.BuildArtifactsDaoTest"/>
  <testcase name="testDeleteBuildArtifacts" time="0.016" classname="org.artifactory.storage.db.build.itest.dao.BuildArtifactsDaoTest"/>
</testsuite> <!-- BuildArtifactsDaoTest -->
