<?xml version="1.0" encoding="UTF-8"?>
<!-- Generated by org.testng.reporters.JUnitXMLReporter -->
<testsuite hostname="pond.jfrog.org" name="BuildStoreServiceImplTest" tests="7" failures="0" timestamp="13 May 2013 13:12:28 GMT" time="0.27" errors="0">
  <testcase name="testAddBuild" time="0.14" classname="org.artifactory.storage.db.build.itest.service.BuildStoreServiceImplTest"/>
  <testcase name="testSearchByChecksum" time="0.0" classname="org.artifactory.storage.db.build.itest.service.BuildStoreServiceImplTest"/>
  <testcase name="verifyDbResourcesReleased" time="0.001" classname="org.artifactory.storage.db.build.itest.service.BuildStoreServiceImplTest"/>
  <testcase name="testFindBuild" time="0.004" classname="org.artifactory.storage.db.build.itest.service.BuildStoreServiceImplTest"/>
  <testcase name="testGetAllBuildNames" time="0.015" classname="org.artifactory.storage.db.build.itest.service.BuildStoreServiceImplTest"/>
  <testcase name="testDeleteBuildB" time="0.015" classname="org.artifactory.storage.db.build.itest.service.BuildStoreServiceImplTest"/>
  <testcase name="testDeleteOneBuildA" time="0.012" classname="org.artifactory.storage.db.build.itest.service.BuildStoreServiceImplTest"/>
</testsuite> <!-- BuildStoreServiceImplTest -->
