<?xml version="1.0" encoding="UTF-8"?>
<!-- Generated by org.testng.reporters.JUnitXMLReporter -->
<testsuite hostname="pond.jfrog.org" name="FileServiceImplTest" tests="27" failures="0" timestamp="13 May 2013 13:12:22 GMT" time="6.692" errors="0">
  <testcase name="verifyDbResourcesReleased" time="0.006" classname="org.artifactory.storage.db.fs.itest.service.FileServiceImplTest"/>
  <testcase name="countAllFiles" time="0.035" classname="org.artifactory.storage.db.fs.itest.service.FileServiceImplTest"/>
  <testcase name="countFilesUnderFolder" time="0.033" classname="org.artifactory.storage.db.fs.itest.service.FileServiceImplTest"/>
  <testcase name="countFilesUnderRepo" time="0.019" classname="org.artifactory.storage.db.fs.itest.service.FileServiceImplTest"/>
  <testcase name="countFolderAndFilesUnderFolder" time="0.026" classname="org.artifactory.storage.db.fs.itest.service.FileServiceImplTest"/>
  <testcase name="countFolderAndFilesUnderRepo" time="0.017" classname="org.artifactory.storage.db.fs.itest.service.FileServiceImplTest"/>
  <testcase name="countRepoFilesAndFoldersUnderNonExistentRepo" time="0.001" classname="org.artifactory.storage.db.fs.itest.service.FileServiceImplTest"/>
  <testcase name="countRepoFilesUnderNonExistentRepo" time="0.002" classname="org.artifactory.storage.db.fs.itest.service.FileServiceImplTest"/>
  <testcase name="createFolder" time="0.05" classname="org.artifactory.storage.db.fs.itest.service.FileServiceImplTest"/>
  <testcase name="deleteNonExistentItem" time="0.013" classname="org.artifactory.storage.db.fs.itest.service.FileServiceImplTest"/>
  <testcase name="getMd5BadChecksums" time="0.03" classname="org.artifactory.storage.db.fs.itest.service.FileServiceImplTest"/>
  <testcase name="getSha1BadChecksums" time="0.019" classname="org.artifactory.storage.db.fs.itest.service.FileServiceImplTest"/>
  <testcase name="itemExists" time="0.018" classname="org.artifactory.storage.db.fs.itest.service.FileServiceImplTest"/>
  <testcase name="itemExistsRepoRoot" time="0.001" classname="org.artifactory.storage.db.fs.itest.service.FileServiceImplTest"/>
  <testcase name="itemNotExists" time="0.002" classname="org.artifactory.storage.db.fs.itest.service.FileServiceImplTest"/>
  <testcase name="loadChildren" time="0.021" classname="org.artifactory.storage.db.fs.itest.service.FileServiceImplTest"/>
  <testcase name="loadFolder" time="0.002" classname="org.artifactory.storage.db.fs.itest.service.FileServiceImplTest"/>
  <testcase name="loadFolderUnderRoot" time="0.001" classname="org.artifactory.storage.db.fs.itest.service.FileServiceImplTest"/>
  <testcase name="loadItemById" time="0.014" classname="org.artifactory.storage.db.fs.itest.service.FileServiceImplTest"/>
  <testcase name="loadNonExistentById" time="0.001" classname="org.artifactory.storage.db.fs.itest.service.FileServiceImplTest"/>
  <testcase name="loadNonExistentFolder" time="0.001" classname="org.artifactory.storage.db.fs.itest.service.FileServiceImplTest"/>
  <testcase name="nodeIdNoSuchNode" time="0.016" classname="org.artifactory.storage.db.fs.itest.service.FileServiceImplTest"/>
  <testcase name="nodeIdRoot" time="0.001" classname="org.artifactory.storage.db.fs.itest.service.FileServiceImplTest"/>
  <testcase name="nodeSha1OfFile" time="0.016" classname="org.artifactory.storage.db.fs.itest.service.FileServiceImplTest"/>
  <testcase name="nodeSha1OfFolder" time="0.002" classname="org.artifactory.storage.db.fs.itest.service.FileServiceImplTest"/>
  <testcase name="nodeSha1NotExist" time="0.001" classname="org.artifactory.storage.db.fs.itest.service.FileServiceImplTest"/>
  <testcase name="deleteFolderById" time="0.007" classname="org.artifactory.storage.db.fs.itest.service.FileServiceImplTest"/>
</testsuite> <!-- FileServiceImplTest -->
