<?xml version="1.0" encoding="UTF-8"?>
<!-- Generated by org.testng.reporters.JUnitXMLReporter -->
<testsuite hostname="pond.jfrog.org" name="FullDeleteAclsDaoTest" tests="4" failures="0" timestamp="13 May 2013 13:12:26 GMT" time="0.1" errors="0">
  <testcase name="testDeletePermissionTargetWithAcl" time="0.003" classname="org.artifactory.storage.db.security.itest.dao.FullDeleteAclsDaoTest"/>
  <testcase name="testDeleteUserWithAce" time="0.003" classname="org.artifactory.storage.db.security.itest.dao.FullDeleteAclsDaoTest"/>
  <testcase name="verifyDbResourcesReleased" time="0.0" classname="org.artifactory.storage.db.security.itest.dao.FullDeleteAclsDaoTest"/>
  <testcase name="testDeleteAllData" time="0.013" classname="org.artifactory.storage.db.security.itest.dao.FullDeleteAclsDaoTest"/>
</testsuite> <!-- FullDeleteAclsDaoTest -->
