<?xml version="1.0" encoding="UTF-8"?>
<!-- Generated by org.testng.reporters.JUnitXMLReporter -->
<testsuite hostname="pond.jfrog.org" name="FullDeleteUserGroupsDaoTest" tests="3" failures="0" timestamp="13 May 2013 13:12:26 GMT" time="0.084" errors="0">
  <testcase name="testDeleteLastAdmin" time="0.016" classname="org.artifactory.storage.db.security.itest.dao.FullDeleteUserGroupsDaoTest"/>
  <testcase name="verifyDbResourcesReleased" time="0.0" classname="org.artifactory.storage.db.security.itest.dao.FullDeleteUserGroupsDaoTest"/>
  <testcase name="testDeleteAllData" time="0.005" classname="org.artifactory.storage.db.security.itest.dao.FullDeleteUserGroupsDaoTest"/>
</testsuite> <!-- FullDeleteUserGroupsDaoTest -->
