<?xml version="1.0" encoding="UTF-8"?>
<!-- Generated by org.testng.reporters.JUnitXMLReporter -->
<testsuite hostname="pond.jfrog.org" name="ItemTreeTest" tests="4" failures="0" timestamp="13 May 2013 13:12:27 GMT" time="0.251" errors="0">
  <testcase name="verifyDbResourcesReleased" time="0.0" classname="org.artifactory.storage.db.fs.itest.ItemTreeTest"/>
  <testcase name="preBuildTree" time="0.027" classname="org.artifactory.storage.db.fs.itest.ItemTreeTest"/>
  <testcase name="rootItemTree" time="0.015" classname="org.artifactory.storage.db.fs.itest.ItemTreeTest"/>
  <testcase name="treeWithFilter" time="0.002" classname="org.artifactory.storage.db.fs.itest.ItemTreeTest"/>
</testsuite> <!-- ItemTreeTest -->
