<?xml version="1.0" encoding="UTF-8"?>
<!-- Generated by org.testng.reporters.JUnitXMLReporter -->
<testsuite hostname="pond.jfrog.org" name="NodesDaoTest" tests="38" failures="0" timestamp="13 May 2013 13:12:23 GMT" time="0.638" errors="0">
  <testcase name="createDirectoryNode" time="0.002" classname="org.artifactory.storage.db.fs.itest.dao.NodesDaoTest"/>
  <testcase name="getChildrenOfLeafFolderNode" time="0.02" classname="org.artifactory.storage.db.fs.itest.dao.NodesDaoTest"/>
  <testcase name="searchBadMd5Checksums" time="0.002" classname="org.artifactory.storage.db.fs.itest.dao.NodesDaoTest"/>
  <testcase name="getChildrenOfRoot" time="0.003" classname="org.artifactory.storage.db.fs.itest.dao.NodesDaoTest"/>
  <testcase name="countFilesUnderFolder" time="0.002" classname="org.artifactory.storage.db.fs.itest.dao.NodesDaoTest"/>
  <testcase name="nodeSha1OfFile" time="0.001" classname="org.artifactory.storage.db.fs.itest.dao.NodesDaoTest"/>
  <testcase name="verifyDbResourcesReleased" time="0.001" classname="org.artifactory.storage.db.fs.itest.dao.NodesDaoTest"/>
  <testcase name="countFilesUnderFile" time="0.001" classname="org.artifactory.storage.db.fs.itest.dao.NodesDaoTest"/>
  <testcase name="countFilesAndFoldersUnderNonExistentFolder" time="0.001" classname="org.artifactory.storage.db.fs.itest.dao.NodesDaoTest"/>
  <testcase name="getChildrenOfNodeDirectlyUnderRootWithCousinStartingWithSamePrefix" time="0.002" classname="org.artifactory.storage.db.fs.itest.dao.NodesDaoTest"/>
  <testcase name="searchBadSha1Checksums" time="0.003" classname="org.artifactory.storage.db.fs.itest.dao.NodesDaoTest"/>
  <testcase name="getFilesTotalSize" time="0.04" classname="org.artifactory.storage.db.fs.itest.dao.NodesDaoTest"/>
  <testcase name="findChecksumsByMd5" time="0.013" classname="org.artifactory.storage.db.fs.itest.dao.NodesDaoTest"/>
  <testcase name="itemExists" time="0.001" classname="org.artifactory.storage.db.fs.itest.dao.NodesDaoTest"/>
  <testcase name="nodeSha1OfFolder" time="0.001" classname="org.artifactory.storage.db.fs.itest.dao.NodesDaoTest"/>
  <testcase name="countFilesAndFoldersUnderFolderWithDirectChildren" time="0.001" classname="org.artifactory.storage.db.fs.itest.dao.NodesDaoTest"/>
  <testcase name="countRepositoryFiles" time="0.001" classname="org.artifactory.storage.db.fs.itest.dao.NodesDaoTest"/>
  <testcase name="testFindEmptyChecksumsBySha1" time="0.0" classname="org.artifactory.storage.db.fs.itest.dao.NodesDaoTest"/>
  <testcase name="countRepositoryFilesAndFoldersUnderFolder" time="0.001" classname="org.artifactory.storage.db.fs.itest.dao.NodesDaoTest"/>
  <testcase name="getChildrenOfLeafFileNode" time="0.002" classname="org.artifactory.storage.db.fs.itest.dao.NodesDaoTest"/>
  <testcase name="countRepositoryFilesAndFolders" time="0.002" classname="org.artifactory.storage.db.fs.itest.dao.NodesDaoTest"/>
  <testcase name="searchFilesByPropertyNoMatch" time="0.027" classname="org.artifactory.storage.db.fs.itest.dao.NodesDaoTest"/>
  <testcase name="findChecksumsBySha1" time="0.012" classname="org.artifactory.storage.db.fs.itest.dao.NodesDaoTest"/>
  <testcase name="itemNotExists" time="0.001" classname="org.artifactory.storage.db.fs.itest.dao.NodesDaoTest"/>
  <testcase name="deleteNonExistent" time="0.001" classname="org.artifactory.storage.db.fs.itest.dao.NodesDaoTest"/>
  <testcase name="nodeSha1NotExist" time="0.001" classname="org.artifactory.storage.db.fs.itest.dao.NodesDaoTest"/>
  <testcase name="testFindEmptyChecksumsByMd5" time="0.0" classname="org.artifactory.storage.db.fs.itest.dao.NodesDaoTest"/>
  <testcase name="getChildrenOfNodeDirectlyUnderRoot" time="0.003" classname="org.artifactory.storage.db.fs.itest.dao.NodesDaoTest"/>
  <testcase name="countFilesUnderNonExistentFolder" time="0.049" classname="org.artifactory.storage.db.fs.itest.dao.NodesDaoTest"/>
  <testcase name="countFilesUnderFolderWithDirectChildren" time="0.001" classname="org.artifactory.storage.db.fs.itest.dao.NodesDaoTest"/>
  <testcase name="nodeIdNoSuchNode" time="0.001" classname="org.artifactory.storage.db.fs.itest.dao.NodesDaoTest"/>
  <testcase name="searchFilesByProperty" time="0.002" classname="org.artifactory.storage.db.fs.itest.dao.NodesDaoTest"/>
  <testcase name="countFilesAndFoldersUnderFile" time="0.001" classname="org.artifactory.storage.db.fs.itest.dao.NodesDaoTest"/>
  <testcase name="nodeIdRoot" time="0.0" classname="org.artifactory.storage.db.fs.itest.dao.NodesDaoTest"/>
  <testcase name="updateFolderNode" time="0.018" classname="org.artifactory.storage.db.fs.itest.dao.NodesDaoTest"/>
  <testcase name="deleteDirectoryNode" time="0.006" classname="org.artifactory.storage.db.fs.itest.dao.NodesDaoTest"/>
  <testcase name="loadDirectoryNodeByPath" time="0.001" classname="org.artifactory.storage.db.fs.itest.dao.NodesDaoTest"/>
  <testcase name="loadDirectoryNodeById" time="0.011" classname="org.artifactory.storage.db.fs.itest.dao.NodesDaoTest"/>
</testsuite> <!-- NodesDaoTest -->
