<?xml version="1.0" encoding="UTF-8"?>
<!-- Generated by org.testng.reporters.JUnitXMLReporter -->
<testsuite hostname="pond.jfrog.org" name="PropertiesDaoTest" tests="12" failures="0" timestamp="13 May 2013 13:12:23 GMT" time="0.174" errors="0">
  <testcase name="verifyDbResourcesReleased" time="0.0" classname="org.artifactory.storage.db.fs.itest.dao.PropertiesDaoTest"/>
  <testcase name="deletePropertiesNodeWithNoProperties" time="0.008" classname="org.artifactory.storage.db.fs.itest.dao.PropertiesDaoTest"/>
  <testcase name="deletePropertiesNodeWithProperties" time="0.011" classname="org.artifactory.storage.db.fs.itest.dao.PropertiesDaoTest"/>
  <testcase name="deletePropertiesNonExistentNode" time="0.001" classname="org.artifactory.storage.db.fs.itest.dao.PropertiesDaoTest"/>
  <testcase name="getPropertiesNodeNotExist" time="0.001" classname="org.artifactory.storage.db.fs.itest.dao.PropertiesDaoTest"/>
  <testcase name="getPropertiesNodeWithEmptyProperties" time="0.001" classname="org.artifactory.storage.db.fs.itest.dao.PropertiesDaoTest"/>
  <testcase name="getPropertiesNodeWithProperties" time="0.001" classname="org.artifactory.storage.db.fs.itest.dao.PropertiesDaoTest"/>
  <testcase name="getPropertiesNodeWithoutProperties" time="0.001" classname="org.artifactory.storage.db.fs.itest.dao.PropertiesDaoTest"/>
  <testcase name="hasPropertiesNodeNotExist" time="0.008" classname="org.artifactory.storage.db.fs.itest.dao.PropertiesDaoTest"/>
  <testcase name="hasPropertiesNodeWithProperties" time="0.001" classname="org.artifactory.storage.db.fs.itest.dao.PropertiesDaoTest"/>
  <testcase name="hasPropertiesNodeWithoutProperties" time="0.001" classname="org.artifactory.storage.db.fs.itest.dao.PropertiesDaoTest"/>
  <testcase name="insertProperty" time="0.008" classname="org.artifactory.storage.db.fs.itest.dao.PropertiesDaoTest"/>
</testsuite> <!-- PropertiesDaoTest -->
