<?xml version="1.0" encoding="UTF-8"?>
<!-- Generated by org.testng.reporters.JUnitXMLReporter -->
<testsuite hostname="pond.jfrog.org" name="PropertiesServiceImplTest" tests="9" failures="0" timestamp="13 May 2013 13:12:23 GMT" time="0.19" errors="0">
  <testcase name="verifyDbResourcesReleased" time="0.0" classname="org.artifactory.storage.db.fs.itest.service.PropertiesServiceImplTest"/>
  <testcase name="getPropertiesNodeNotExist" time="0.012" classname="org.artifactory.storage.db.fs.itest.service.PropertiesServiceImplTest"/>
  <testcase name="hasPropertiesPathWithProperties" time="0.002" classname="org.artifactory.storage.db.fs.itest.service.PropertiesServiceImplTest"/>
  <testcase name="setProperties" time="0.017" classname="org.artifactory.storage.db.fs.itest.service.PropertiesServiceImplTest"/>
  <testcase name="getPropertiesNodeWithMultiValueProperties" time="0.002" classname="org.artifactory.storage.db.fs.itest.service.PropertiesServiceImplTest"/>
  <testcase name="getPropertiesNodeWithProperties" time="0.001" classname="org.artifactory.storage.db.fs.itest.service.PropertiesServiceImplTest"/>
  <testcase name="hasPropertiesPathWithNoProperties" time="0.001" classname="org.artifactory.storage.db.fs.itest.service.PropertiesServiceImplTest"/>
  <testcase name="getPropertiesNodeWithNone" time="0.0" classname="org.artifactory.storage.db.fs.itest.service.PropertiesServiceImplTest"/>
  <testcase name="deleteProperties" time="0.003" classname="org.artifactory.storage.db.fs.itest.service.PropertiesServiceImplTest"/>
</testsuite> <!-- PropertiesServiceImplTest -->
