<?xml version="1.0" encoding="UTF-8"?>
<!-- Generated by org.testng.reporters.JUnitXMLReporter -->
<testsuite hostname="pond.jfrog.org" name="StatsDaoTest" tests="14" failures="0" timestamp="13 May 2013 13:12:24 GMT" time="0.192" errors="0">
  <testcase name="verifyDbResourcesReleased" time="0.0" classname="org.artifactory.storage.db.fs.itest.dao.StatsDaoTest"/>
  <testcase name="createStatsFileWithoutStats" time="0.013" classname="org.artifactory.storage.db.fs.itest.dao.StatsDaoTest"/>
  <testcase name="deleteStatsFileWithoutStats" time="0.007" classname="org.artifactory.storage.db.fs.itest.dao.StatsDaoTest"/>
  <testcase name="deleteStatsNonExistingNode" time="0.001" classname="org.artifactory.storage.db.fs.itest.dao.StatsDaoTest"/>
  <testcase name="getFileStats" time="0.001" classname="org.artifactory.storage.db.fs.itest.dao.StatsDaoTest"/>
  <testcase name="getFileStatsWithNoDownloads" time="0.001" classname="org.artifactory.storage.db.fs.itest.dao.StatsDaoTest"/>
  <testcase name="hasStatsFileWithStats" time="0.008" classname="org.artifactory.storage.db.fs.itest.dao.StatsDaoTest"/>
  <testcase name="hasStatsFileWithoutStats" time="0.001" classname="org.artifactory.storage.db.fs.itest.dao.StatsDaoTest"/>
  <testcase name="hasStatsFolder" time="0.001" classname="org.artifactory.storage.db.fs.itest.dao.StatsDaoTest"/>
  <testcase name="hasStatsNonExistentId" time="0.001" classname="org.artifactory.storage.db.fs.itest.dao.StatsDaoTest"/>
  <testcase name="updateStatsFileWithoutStats" time="0.009" classname="org.artifactory.storage.db.fs.itest.dao.StatsDaoTest"/>
  <testcase name="createStatsFileWithStats" time="0.004" classname="org.artifactory.storage.db.fs.itest.dao.StatsDaoTest"/>
  <testcase name="updateStatsFileWithStats" time="0.002" classname="org.artifactory.storage.db.fs.itest.dao.StatsDaoTest"/>
  <testcase name="deleteStatsFileWithStats" time="0.001" classname="org.artifactory.storage.db.fs.itest.dao.StatsDaoTest"/>
</testsuite> <!-- StatsDaoTest -->
