<?xml version="1.0" encoding="UTF-8"?>
<!-- Generated by org.testng.reporters.JUnitXMLReporter -->
<testsuite hostname="pond.jfrog.org" name="TasksDaoTest" tests="6" failures="0" timestamp="13 May 2013 13:12:25 GMT" time="0.141" errors="0">
  <testcase name="verifyDbResourcesReleased" time="0.0" classname="org.artifactory.storage.db.fs.itest.dao.TasksDaoTest"/>
  <testcase name="create" time="0.017" classname="org.artifactory.storage.db.fs.itest.dao.TasksDaoTest"/>
  <testcase name="createDuplicate" time="0.002" classname="org.artifactory.storage.db.fs.itest.dao.TasksDaoTest"/>
  <testcase name="delete" time="0.008" classname="org.artifactory.storage.db.fs.itest.dao.TasksDaoTest"/>
  <testcase name="exist" time="0.001" classname="org.artifactory.storage.db.fs.itest.dao.TasksDaoTest"/>
  <testcase name="loadByType" time="0.001" classname="org.artifactory.storage.db.fs.itest.dao.TasksDaoTest"/>
</testsuite> <!-- TasksDaoTest -->
