<?xml version="1.0" encoding="UTF-8"?>
<!-- Generated by org.testng.reporters.JUnitXMLReporter -->
<testsuite hostname="pond.jfrog.org" name="UserGroupServiceTest" tests="6" failures="0" timestamp="13 May 2013 13:12:26 GMT" time="0.081" errors="0">
  <testcase name="verifyDbResourcesReleased" time="0.0" classname="org.artifactory.storage.db.security.itest.service.UserGroupServiceImplTest"/>
  <testcase name="createGroupExistingGroupName" time="0.003" classname="org.artifactory.storage.db.security.itest.service.UserGroupServiceImplTest"/>
  <testcase name="createUserExistingUsername" time="0.004" classname="org.artifactory.storage.db.security.itest.service.UserGroupServiceImplTest"/>
  <testcase name="createUserTest" time="0.007" classname="org.artifactory.storage.db.security.itest.service.UserGroupServiceImplTest"/>
  <testcase name="hasAnonymousUser" time="0.002" classname="org.artifactory.storage.db.security.itest.service.UserGroupServiceImplTest"/>
  <testcase name="hasDefaultAdmin" time="0.002" classname="org.artifactory.storage.db.security.itest.service.UserGroupServiceImplTest"/>
</testsuite> <!-- UserGroupServiceTest -->
