<?xml version="1.0" encoding="UTF-8"?>
<!-- Generated by org.testng.reporters.JUnitXMLReporter -->
<testsuite hostname="pond.jfrog.org" name="Command line test" tests="40" failures="0" timestamp="13 May 2013 13:11:48 GMT" time="1.928" errors="0">
  <testcase name="convertValidFile" time="0.067" classname="org.artifactory.update.security.v3.AclRepoKeysConverterTest"/>
  <testcase name="convertOutputOfSimpleUserConverter" time="0.017" classname="org.artifactory.update.security.v1.AclsConverterTest"/>
  <testcase name="convertValidFile" time="0.013" classname="org.artifactory.update.security.v1.AclsConverterTest"/>
  <testcase name="convertFileWithAnonymousRealOnAny" time="0.016" classname="org.artifactory.update.security.v3.AnyRemoteConverterTest"/>
  <testcase name="convertFileWithoutAnonymousRealOnAny" time="0.006" classname="org.artifactory.update.security.v3.AnyRemoteConverterTest"/>
  <testcase name="convertValidFile" time="0.02" classname="org.artifactory.update.md.v130beta3.ArtifactoryFileConverterTest"/>
  <testcase name="convertValidFile" time="0.004" classname="org.artifactory.update.md.v130beta3.ArtifactoryFolderConverterTest"/>
  <testcase name="testBackupPropertyFile" time="0.037" classname="org.artifactory.update.test.ArtifactoryVersionTest"/>
  <testcase name="convertValidFile" time="0.13" classname="org.artifactory.update.md.v130beta6.ChecksumsConverterTest"/>
  <testcase name="testFileReturns" time="0.001" classname="org.artifactory.update.test.FileIOTest"/>
  <testcase name="convertValidFolderInfo" time="0.011" classname="org.artifactory.update.md.v130beta6.FolderAdditionalInfoNameConverterTest"/>
  <testcase name="convertValidFile" time="0.01" classname="org.artifactory.update.security.v6.LdapGroupSettingConverterTest"/>
  <testcase name="convertValidFile" time="0.021" classname="org.artifactory.update.security.v6.LowercaseUsernameXmlConverterTest"/>
  <testcase name="convertValidFile" time="0.004" classname="org.artifactory.update.md.v125rc0.MdFileConverterTest"/>
  <testcase name="convertValidFile" time="0.005" classname="org.artifactory.update.md.v125rc0.MdFolderConverterTest"/>
  <testcase name="convertValidFile" time="0.004" classname="org.artifactory.update.md.v125rc0.MdStatsConverterTest"/>
  <testcase name="readFileMetadata" time="0.034" classname="org.artifactory.update.md.v125rc0.MetadataReader125Test"/>
  <testcase name="readFolderMetadata" time="0.008" classname="org.artifactory.update.md.v125rc0.MetadataReader125Test"/>
  <testcase name="readFileMetadata" time="0.032" classname="org.artifactory.update.md.v130beta3.MetadataReader130beta3Test"/>
  <testcase name="readFolderMetadata" time="0.012" classname="org.artifactory.update.md.v130beta3.MetadataReader130beta3Test"/>
  <testcase name="readFileMetadata" time="0.012" classname="org.artifactory.update.md.v130beta6.MetadataReader130beta6Test"/>
  <testcase name="readFolderMetadata" time="0.007" classname="org.artifactory.update.md.v130beta6.MetadataReader130beta6Test"/>
  <testcase name="detectVersion125rc0" time="0.0" classname="org.artifactory.update.md.MetadataVersionTest"/>
  <testcase name="detectVersion230" time="0.003" classname="org.artifactory.update.md.MetadataVersionTest"/>
  <testcase name="detectVersion30beta3" time="0.0" classname="org.artifactory.update.md.MetadataVersionTest"/>
  <testcase name="detectVersion30beta6" time="0.003" classname="org.artifactory.update.md.MetadataVersionTest"/>
  <testcase name="versionsCoverage" time="0.001" classname="org.artifactory.update.md.MetadataVersionTest"/>
  <testcase name="testReadingVersion" time="0.032" classname="org.artifactory.update.test.ReadOldBackupsTest"/>
  <testcase name="testSecurityConversion" time="0.07" classname="org.artifactory.update.test.ReadOldBackupsTest"/>
  <testcase name="convertOutputOfSimpleUserConverter" time="0.009" classname="org.artifactory.update.security.v2.RepoPathAclConverterTest"/>
  <testcase name="convertValidFile" time="0.009" classname="org.artifactory.update.security.v2.RepoPathAclConverterTest"/>
  <testcase name="readAllVersions" time="0.318" classname="org.artifactory.update.security.SecurityInfoReaderTest"/>
  <testcase name="readVersion5" time="0.032" classname="org.artifactory.update.security.SecurityInfoReaderTest"/>
  <testcase name="convertFromVersion1" time="0.084" classname="org.artifactory.update.security.SecurityVersionTest"/>
  <testcase name="convertFromVersion1Big" time="0.039" classname="org.artifactory.update.security.SecurityVersionTest"/>
  <testcase name="convertFromVersion2" time="0.023" classname="org.artifactory.update.security.SecurityVersionTest"/>
  <testcase name="convertFromVersion3" time="0.026" classname="org.artifactory.update.security.SecurityVersionTest"/>
  <testcase name="versionsCoverage" time="0.0" classname="org.artifactory.update.security.SecurityVersionTest"/>
  <testcase name="convertValidFile" time="0.006" classname="org.artifactory.update.security.v2.SimpleUserConverterTest"/>
  <testcase name="convertOutputOfSimpleUserConverter" time="0.007" classname="org.artifactory.update.security.v1.UserPermissionsConverterTest"/>
</testsuite> <!-- Command line test -->
