<?xml version="1.0" encoding="UTF-8"?>
<!-- Generated by org.testng.reporters.JUnitReportReporter -->
<testsuite hostname="pond.jfrog.org" name="org.artifactory.storage.db.fs.itest.service.TasksServiceImplTest" tests="7" failures="0" timestamp="13 May 2013 13:12:30 GMT" time="0.032" errors="0">
  <testcase name="removeIndexTask" time="0.023" classname="org.artifactory.storage.db.fs.itest.service.TasksServiceImplTest"/>
  <testcase name="addIndexTask" time="0.003" classname="org.artifactory.storage.db.fs.itest.service.TasksServiceImplTest"/>
  <testcase name="removeIndexTaskByRepoPath" time="0.001" classname="org.artifactory.storage.db.fs.itest.service.TasksServiceImplTest"/>
  <testcase name="hasIndexTask" time="0.001" classname="org.artifactory.storage.db.fs.itest.service.TasksServiceImplTest"/>
  <testcase name="getIndexTasks" time="0.002" classname="org.artifactory.storage.db.fs.itest.service.TasksServiceImplTest"/>
  <testcase name="removeIndexTaskByRepoPathNotExist" time="0.001" classname="org.artifactory.storage.db.fs.itest.service.TasksServiceImplTest"/>
  <testcase name="verifyDbResourcesReleased" time="0.001" classname="org.artifactory.storage.db.fs.itest.service.TasksServiceImplTest"/>
</testsuite> <!-- org.artifactory.storage.db.fs.itest.service.TasksServiceImplTest -->
