<?xml version="1.0" encoding="UTF-8"?>
<testng-results skipped="0" failed="0" total="20" passed="20">
  <reporter-output>
  </reporter-output>
  <suite name="Command line suite" duration-ms="725" started-at="2013-05-13T13:13:37Z" finished-at="2013-05-13T13:13:38Z">
    <groups>
    </groups>
    <test name="Command line test" duration-ms="725" started-at="2013-05-13T13:13:37Z" finished-at="2013-05-13T13:13:38Z">
      <class name="org.artifactory.rest.resource.nuget.NuGetResourceTest">
        <test-method status="PASS" signature="setupMocks()[pri:0, instance:org.artifactory.rest.resource.nuget.NuGetResourceTest@c4983d8]" name="setupMocks" is-config="true" duration-ms="219" started-at="2013-05-13T13:13:38Z" finished-at="2013-05-13T13:13:38Z">
          <reporter-output>
          </reporter-output>
        </test-method> <!-- setupMocks -->
        <test-method status="PASS" signature="tesFindPackagesByIdMethodPathAnnotation()[pri:0, instance:org.artifactory.rest.resource.nuget.NuGetResourceTest@c4983d8]" name="tesFindPackagesByIdMethodPathAnnotation" duration-ms="15" started-at="2013-05-13T13:13:38Z" finished-at="2013-05-13T13:13:38Z">
          <reporter-output>
          </reporter-output>
        </test-method> <!-- tesFindPackagesByIdMethodPathAnnotation -->
        <test-method status="PASS" signature="testDeleteMethodCallsAddon()[pri:0, instance:org.artifactory.rest.resource.nuget.NuGetResourceTest@c4983d8]" name="testDeleteMethodCallsAddon" duration-ms="35" started-at="2013-05-13T13:13:38Z" finished-at="2013-05-13T13:13:38Z">
          <reporter-output>
          </reporter-output>
        </test-method> <!-- testDeleteMethodCallsAddon -->
        <test-method status="PASS" signature="testDeleteMethodPathAnnotation()[pri:0, instance:org.artifactory.rest.resource.nuget.NuGetResourceTest@c4983d8]" name="testDeleteMethodPathAnnotation" duration-ms="3" started-at="2013-05-13T13:13:38Z" finished-at="2013-05-13T13:13:38Z">
          <reporter-output>
          </reporter-output>
        </test-method> <!-- testDeleteMethodPathAnnotation -->
        <test-method status="PASS" signature="testDownloadMethodCallsAddon()[pri:0, instance:org.artifactory.rest.resource.nuget.NuGetResourceTest@c4983d8]" name="testDownloadMethodCallsAddon" duration-ms="0" started-at="2013-05-13T13:13:38Z" finished-at="2013-05-13T13:13:38Z">
          <reporter-output>
          </reporter-output>
        </test-method> <!-- testDownloadMethodCallsAddon -->
        <test-method status="PASS" signature="testDownloadMethodPathAnnotation()[pri:0, instance:org.artifactory.rest.resource.nuget.NuGetResourceTest@c4983d8]" name="testDownloadMethodPathAnnotation" duration-ms="1" started-at="2013-05-13T13:13:38Z" finished-at="2013-05-13T13:13:38Z">
          <reporter-output>
          </reporter-output>
        </test-method> <!-- testDownloadMethodPathAnnotation -->
        <test-method status="PASS" signature="testFindPackagesByIdQueryMethodCallsAddon()[pri:0, instance:org.artifactory.rest.resource.nuget.NuGetResourceTest@c4983d8]" name="testFindPackagesByIdQueryMethodCallsAddon" duration-ms="1" started-at="2013-05-13T13:13:38Z" finished-at="2013-05-13T13:13:38Z">
          <reporter-output>
          </reporter-output>
        </test-method> <!-- testFindPackagesByIdQueryMethodCallsAddon -->
        <test-method status="PASS" signature="testGetUpdatesMethodPathAnnotation()[pri:0, instance:org.artifactory.rest.resource.nuget.NuGetResourceTest@c4983d8]" name="testGetUpdatesMethodPathAnnotation" duration-ms="0" started-at="2013-05-13T13:13:38Z" finished-at="2013-05-13T13:13:38Z">
          <reporter-output>
          </reporter-output>
        </test-method> <!-- testGetUpdatesMethodPathAnnotation -->
        <test-method status="PASS" signature="testGetUpdatesQueryMethodCallsAddon()[pri:0, instance:org.artifactory.rest.resource.nuget.NuGetResourceTest@c4983d8]" name="testGetUpdatesQueryMethodCallsAddon" duration-ms="1" started-at="2013-05-13T13:13:38Z" finished-at="2013-05-13T13:13:38Z">
          <reporter-output>
          </reporter-output>
        </test-method> <!-- testGetUpdatesQueryMethodCallsAddon -->
        <test-method status="PASS" signature="testMetadataDescriptorMethodCallsAddon()[pri:0, instance:org.artifactory.rest.resource.nuget.NuGetResourceTest@c4983d8]" name="testMetadataDescriptorMethodCallsAddon" duration-ms="1" started-at="2013-05-13T13:13:38Z" finished-at="2013-05-13T13:13:38Z">
          <reporter-output>
          </reporter-output>
        </test-method> <!-- testMetadataDescriptorMethodCallsAddon -->
        <test-method status="PASS" signature="testMetadataDescriptorMethodPathAnnotation()[pri:0, instance:org.artifactory.rest.resource.nuget.NuGetResourceTest@c4983d8]" name="testMetadataDescriptorMethodPathAnnotation" duration-ms="1" started-at="2013-05-13T13:13:38Z" finished-at="2013-05-13T13:13:38Z">
          <reporter-output>
          </reporter-output>
        </test-method> <!-- testMetadataDescriptorMethodPathAnnotation -->
        <test-method status="PASS" signature="testNuGetTestMethodCallsAddon()[pri:0, instance:org.artifactory.rest.resource.nuget.NuGetResourceTest@c4983d8]" name="testNuGetTestMethodCallsAddon" duration-ms="0" started-at="2013-05-13T13:13:38Z" finished-at="2013-05-13T13:13:38Z">
          <reporter-output>
          </reporter-output>
        </test-method> <!-- testNuGetTestMethodCallsAddon -->
        <test-method status="PASS" signature="testPackagesMethodPathAnnotation()[pri:0, instance:org.artifactory.rest.resource.nuget.NuGetResourceTest@c4983d8]" name="testPackagesMethodPathAnnotation" duration-ms="0" started-at="2013-05-13T13:13:38Z" finished-at="2013-05-13T13:13:38Z">
          <reporter-output>
          </reporter-output>
        </test-method> <!-- testPackagesMethodPathAnnotation -->
        <test-method status="PASS" signature="testPackagesQueryMethodCallsAddon()[pri:0, instance:org.artifactory.rest.resource.nuget.NuGetResourceTest@c4983d8]" name="testPackagesQueryMethodCallsAddon" duration-ms="1" started-at="2013-05-13T13:13:38Z" finished-at="2013-05-13T13:13:38Z">
          <reporter-output>
          </reporter-output>
        </test-method> <!-- testPackagesQueryMethodCallsAddon -->
        <test-method status="PASS" signature="testPublishMethodCallsAddon()[pri:0, instance:org.artifactory.rest.resource.nuget.NuGetResourceTest@c4983d8]" name="testPublishMethodCallsAddon" duration-ms="20" started-at="2013-05-13T13:13:38Z" finished-at="2013-05-13T13:13:38Z">
          <reporter-output>
          </reporter-output>
        </test-method> <!-- testPublishMethodCallsAddon -->
        <test-method status="PASS" signature="testPublishMethodPathAnnotation()[pri:0, instance:org.artifactory.rest.resource.nuget.NuGetResourceTest@c4983d8]" name="testPublishMethodPathAnnotation" duration-ms="6" started-at="2013-05-13T13:13:38Z" finished-at="2013-05-13T13:13:38Z">
          <reporter-output>
          </reporter-output>
        </test-method> <!-- testPublishMethodPathAnnotation -->
        <test-method status="PASS" signature="testQueryMethodCallsAddon()[pri:0, instance:org.artifactory.rest.resource.nuget.NuGetResourceTest@c4983d8]" name="testQueryMethodCallsAddon" duration-ms="1" started-at="2013-05-13T13:13:38Z" finished-at="2013-05-13T13:13:38Z">
          <reporter-output>
          </reporter-output>
        </test-method> <!-- testQueryMethodCallsAddon -->
        <test-method status="PASS" signature="testQueryMethodPathAnnotation()[pri:0, instance:org.artifactory.rest.resource.nuget.NuGetResourceTest@c4983d8]" name="testQueryMethodPathAnnotation" duration-ms="0" started-at="2013-05-13T13:13:38Z" finished-at="2013-05-13T13:13:38Z">
          <reporter-output>
          </reporter-output>
        </test-method> <!-- testQueryMethodPathAnnotation -->
        <test-method status="PASS" signature="testTestMethodPathAnnotation()[pri:0, instance:org.artifactory.rest.resource.nuget.NuGetResourceTest@c4983d8]" name="testTestMethodPathAnnotation" duration-ms="0" started-at="2013-05-13T13:13:38Z" finished-at="2013-05-13T13:13:38Z">
          <reporter-output>
          </reporter-output>
        </test-method> <!-- testTestMethodPathAnnotation -->
        <test-method status="PASS" signature="verifyMocks()[pri:0, instance:org.artifactory.rest.resource.nuget.NuGetResourceTest@c4983d8]" name="verifyMocks" is-config="true" duration-ms="0" started-at="2013-05-13T13:13:38Z" finished-at="2013-05-13T13:13:38Z">
          <reporter-output>
          </reporter-output>
        </test-method> <!-- verifyMocks -->
      </class> <!-- org.artifactory.rest.resource.nuget.NuGetResourceTest -->
      <class name="org.artifactory.rest.common.list.KeyValueListTest">
        <test-method status="PASS" signature="testToPropertyMap()[pri:0, instance:org.artifactory.rest.common.list.KeyValueListTest@45842e3]" name="testToPropertyMap" duration-ms="381" started-at="2013-05-13T13:13:37Z" finished-at="2013-05-13T13:13:38Z">
          <reporter-output>
          </reporter-output>
        </test-method> <!-- testToPropertyMap -->
        <test-method status="PASS" signature="testToStringMap()[pri:0, instance:org.artifactory.rest.common.list.KeyValueListTest@45842e3]" name="testToStringMap" duration-ms="0" started-at="2013-05-13T13:13:38Z" finished-at="2013-05-13T13:13:38Z">
          <reporter-output>
          </reporter-output>
        </test-method> <!-- testToStringMap -->
      </class> <!-- org.artifactory.rest.common.list.KeyValueListTest -->
    </test> <!-- Command line test -->
  </suite> <!-- Command line suite -->
</testng-results>
