<?xml version="1.0" encoding="UTF-8"?>
<!-- Generated by org.testng.reporters.JUnitXMLReporter -->
<testsuite hostname="pond.jfrog.org" name="Command line test" tests="56" failures="0" timestamp="13 May 2013 13:12:36 GMT" time="0.596" errors="0">
  <testcase name="matrixParams" time="0.016" classname="org.artifactory.api.request.ArtifactoryRequestTest"/>
  <testcase name="matrixParamsWithEncodedValues" time="0.0" classname="org.artifactory.api.request.ArtifactoryRequestTest"/>
  <testcase name="pathWithNonAscii" time="0.001" classname="org.artifactory.api.request.ArtifactoryRequestTest"/>
  <testcase name="pathsWithSpaces" time="0.0" classname="org.artifactory.api.request.ArtifactoryRequestTest"/>
  <testcase name="zipResourceAbsolute" time="0.001" classname="org.artifactory.api.request.ArtifactoryRequestTest"/>
  <testcase name="zipResourceEmptyPath" time="0.0" classname="org.artifactory.api.request.ArtifactoryRequestTest"/>
  <testcase name="zipResourceRelative" time="0.001" classname="org.artifactory.api.request.ArtifactoryRequestTest"/>
  <testcase name="fileExtensionAsNumber" time="0.005" classname="org.artifactory.api.maven.MavenArtifactInfoTest"/>
  <testcase name="fromInvalidPath" time="0.001" classname="org.artifactory.api.maven.MavenArtifactInfoTest"/>
  <testcase name="fromPathNonUniqueSnapshotVersion" time="0.014" classname="org.artifactory.api.maven.MavenArtifactInfoTest"/>
  <testcase name="fromPathUniqueMd5SnapshotVersion" time="0.008" classname="org.artifactory.api.maven.MavenArtifactInfoTest"/>
  <testcase name="fromPathUniqueSnapshotVersion" time="0.001" classname="org.artifactory.api.maven.MavenArtifactInfoTest"/>
  <testcase name="fromPathWithClassifier" time="0.001" classname="org.artifactory.api.maven.MavenArtifactInfoTest"/>
  <testcase name="fromPathWithNoGroupId" time="0.0" classname="org.artifactory.api.maven.MavenArtifactInfoTest"/>
  <testcase name="fromPathWithOneDigitVersion" time="0.001" classname="org.artifactory.api.maven.MavenArtifactInfoTest"/>
  <testcase name="fromSimplePath" time="0.0" classname="org.artifactory.api.maven.MavenArtifactInfoTest"/>
  <testcase name="testClassifierWithDot" time="0.0" classname="org.artifactory.api.maven.MavenArtifactInfoTest"/>
  <testcase name="testClassifierWithDotAndNumber" time="0.002" classname="org.artifactory.api.maven.MavenArtifactInfoTest"/>
  <testcase name="testConfigPath" time="0.001" classname="org.artifactory.api.maven.MavenArtifactInfoTest"/>
  <testcase name="testCustomUserType" time="0.001" classname="org.artifactory.api.maven.MavenArtifactInfoTest"/>
  <testcase name="testTarGz" time="0.001" classname="org.artifactory.api.maven.MavenArtifactInfoTest"/>
  <testcase name="addResultsWithDuplicates" time="0.008" classname="org.artifactory.api.search.SavedSearchResultsTest"/>
  <testcase name="defaultConstructor" time="0.004" classname="org.artifactory.api.search.SavedSearchResultsTest"/>
  <testcase name="intersectResults" time="0.003" classname="org.artifactory.api.search.SavedSearchResultsTest"/>
  <testcase name="mergeResults" time="0.0" classname="org.artifactory.api.search.SavedSearchResultsTest"/>
  <testcase name="subtractResults" time="0.0" classname="org.artifactory.api.search.SavedSearchResultsTest"/>
  <testcase name="testGetContentLength" time="0.001" classname="org.artifactory.api.request.TranslatedArtifactoryRequestTest"/>
  <testcase name="testGetHeader" time="0.0" classname="org.artifactory.api.request.TranslatedArtifactoryRequestTest"/>
  <testcase name="testGetIfModifiedSince" time="0.001" classname="org.artifactory.api.request.TranslatedArtifactoryRequestTest"/>
  <testcase name="testGetInputStream" time="0.0" classname="org.artifactory.api.request.TranslatedArtifactoryRequestTest"/>
  <testcase name="testGetLastModified" time="0.0" classname="org.artifactory.api.request.TranslatedArtifactoryRequestTest"/>
  <testcase name="testGetModificationTime" time="0.0" classname="org.artifactory.api.request.TranslatedArtifactoryRequestTest"/>
  <testcase name="testGetName" time="0.001" classname="org.artifactory.api.request.TranslatedArtifactoryRequestTest"/>
  <testcase name="testGetParameter" time="0.001" classname="org.artifactory.api.request.TranslatedArtifactoryRequestTest"/>
  <testcase name="testGetParameterValues" time="0.0" classname="org.artifactory.api.request.TranslatedArtifactoryRequestTest"/>
  <testcase name="testGetPath" time="0.0" classname="org.artifactory.api.request.TranslatedArtifactoryRequestTest"/>
  <testcase name="testGetProperties" time="0.001" classname="org.artifactory.api.request.TranslatedArtifactoryRequestTest"/>
  <testcase name="testGetRepoKey" time="0.0" classname="org.artifactory.api.request.TranslatedArtifactoryRequestTest"/>
  <testcase name="testGetRepoPath" time="0.0" classname="org.artifactory.api.request.TranslatedArtifactoryRequestTest"/>
  <testcase name="testGetServletContextUrl" time="0.0" classname="org.artifactory.api.request.TranslatedArtifactoryRequestTest"/>
  <testcase name="testGetSourceDescription" time="0.0" classname="org.artifactory.api.request.TranslatedArtifactoryRequestTest"/>
  <testcase name="testGetUri" time="0.001" classname="org.artifactory.api.request.TranslatedArtifactoryRequestTest"/>
  <testcase name="testHasProperties" time="0.0" classname="org.artifactory.api.request.TranslatedArtifactoryRequestTest"/>
  <testcase name="testIsChecksum" time="0.001" classname="org.artifactory.api.request.TranslatedArtifactoryRequestTest"/>
  <testcase name="testIsFromAnotherArtifactory" time="0.0" classname="org.artifactory.api.request.TranslatedArtifactoryRequestTest"/>
  <testcase name="testIsHeadOnly" time="0.0" classname="org.artifactory.api.request.TranslatedArtifactoryRequestTest"/>
  <testcase name="testIsMetadata" time="0.001" classname="org.artifactory.api.request.TranslatedArtifactoryRequestTest"/>
  <testcase name="testIsNewerThan" time="0.001" classname="org.artifactory.api.request.TranslatedArtifactoryRequestTest"/>
  <testcase name="testIsRecursive" time="0.0" classname="org.artifactory.api.request.TranslatedArtifactoryRequestTest"/>
  <testcase name="testToString" time="0.0" classname="org.artifactory.api.request.TranslatedArtifactoryRequestTest"/>
  <testcase name="emailBuild" time="0.004" classname="org.artifactory.api.security.UserInfoBuilderTest"/>
  <testcase name="minimalBuild" time="0.0" classname="org.artifactory.api.security.UserInfoBuilderTest"/>
  <testcase name="noUsernameBuild" time="0.0" classname="org.artifactory.api.security.UserInfoBuilderTest"/>
  <testcase name="saltBuild" time="0.0" classname="org.artifactory.api.security.UserInfoBuilderTest"/>
  <testcase name="invalidPath" time="0.013" classname="org.artifactory.api.fs.VersionUnitTest"/>
  <testcase name="nodeConstructor" time="0.003" classname="org.artifactory.api.fs.VersionUnitTest"/>
</testsuite> <!-- Command line test -->
