<?xml version="1.0" encoding="UTF-8"?>
<!-- Generated by org.testng.reporters.JUnitXMLReporter -->
<testsuite hostname="pond.jfrog.org" name="Command line test" tests="150" failures="0" timestamp="13 May 2013 13:12:12 GMT" time="0.549" errors="0">
  <testcase name="aceEqualsHashTest" time="0.031" classname="org.artifactory.storage.db.security.entity.AclTest"/>
  <testcase name="aceHashInAclTest" time="0.011" classname="org.artifactory.storage.db.security.entity.AclTest"/>
  <testcase name="doubleSetAcesInAclTest" time="0.001" classname="org.artifactory.storage.db.security.entity.AclTest"/>
  <testcase name="maxNullInAclTest" time="0.0" classname="org.artifactory.storage.db.security.entity.AclTest"/>
  <testcase name="negAceAceIdTest" time="0.001" classname="org.artifactory.storage.db.security.entity.AclTest"/>
  <testcase name="negAceAclIdTest" time="0.0" classname="org.artifactory.storage.db.security.entity.AclTest"/>
  <testcase name="negAceGroupIdTest" time="0.0" classname="org.artifactory.storage.db.security.entity.AclTest"/>
  <testcase name="negAceUserIdTest" time="0.0" classname="org.artifactory.storage.db.security.entity.AclTest"/>
  <testcase name="negIdInAclTest" time="0.0" classname="org.artifactory.storage.db.security.entity.AclTest"/>
  <testcase name="negPermIdInAclTest" time="0.0" classname="org.artifactory.storage.db.security.entity.AclTest"/>
  <testcase name="noAcesInAclTest" time="0.0" classname="org.artifactory.storage.db.security.entity.AclTest"/>
  <testcase name="noIdInAclTest" time="0.001" classname="org.artifactory.storage.db.security.entity.AclTest"/>
  <testcase name="noPermIdInAclTest" time="0.0" classname="org.artifactory.storage.db.security.entity.AclTest"/>
  <testcase name="setNullAcesInAclTest" time="0.0" classname="org.artifactory.storage.db.security.entity.AclTest"/>
  <testcase name="simpleAce" time="0.001" classname="org.artifactory.storage.db.security.entity.AclTest"/>
  <testcase name="simpleAcl" time="0.0" classname="org.artifactory.storage.db.security.entity.AclTest"/>
  <testcase name="wrongAceNoUserOrGroupTest" time="0.001" classname="org.artifactory.storage.db.security.entity.AclTest"/>
  <testcase name="wrongAceUserAndGroupTest" time="0.001" classname="org.artifactory.storage.db.security.entity.AclTest"/>
  <testcase name="emptyMd5BinaryData" time="0.01" classname="org.artifactory.storage.db.binstore.entity.BinaryDataTest"/>
  <testcase name="emptySha1BinaryData" time="0.0" classname="org.artifactory.storage.db.binstore.entity.BinaryDataTest"/>
  <testcase name="maxNullBinaryData" time="0.001" classname="org.artifactory.storage.db.binstore.entity.BinaryDataTest"/>
  <testcase name="nullMd5BinaryData" time="0.001" classname="org.artifactory.storage.db.binstore.entity.BinaryDataTest"/>
  <testcase name="nullSha1BinaryData" time="0.001" classname="org.artifactory.storage.db.binstore.entity.BinaryDataTest"/>
  <testcase name="simpleBinaryData" time="0.001" classname="org.artifactory.storage.db.binstore.entity.BinaryDataTest"/>
  <testcase name="wrongLengthBinaryData" time="0.0" classname="org.artifactory.storage.db.binstore.entity.BinaryDataTest"/>
  <testcase name="wrongMd5BinaryData" time="0.0" classname="org.artifactory.storage.db.binstore.entity.BinaryDataTest"/>
  <testcase name="wrongSha1BinaryData" time="0.0" classname="org.artifactory.storage.db.binstore.entity.BinaryDataTest"/>
  <testcase name="constructWithInputStream" time="0.001" classname="org.artifactory.storage.db.util.BlobWrapperTest"/>
  <testcase name="nullInputStream" time="0.0" classname="org.artifactory.storage.db.util.BlobWrapperTest"/>
  <testcase name="stringConstructor" time="0.008" classname="org.artifactory.storage.db.util.BlobWrapperTest"/>
  <testcase name="emptyArtifactNameTest" time="0.001" classname="org.artifactory.storage.db.build.entity.BuildArtifactTest"/>
  <testcase name="mostlyNullBuildArtifactTest" time="0.0" classname="org.artifactory.storage.db.build.entity.BuildArtifactTest"/>
  <testcase name="negArtifactIdTest" time="0.0" classname="org.artifactory.storage.db.build.entity.BuildArtifactTest"/>
  <testcase name="negModuleIdTest" time="0.001" classname="org.artifactory.storage.db.build.entity.BuildArtifactTest"/>
  <testcase name="noArtifactIdTest" time="0.001" classname="org.artifactory.storage.db.build.entity.BuildArtifactTest"/>
  <testcase name="noArtifactNameTest" time="0.0" classname="org.artifactory.storage.db.build.entity.BuildArtifactTest"/>
  <testcase name="noModuleIdTest" time="0.0" classname="org.artifactory.storage.db.build.entity.BuildArtifactTest"/>
  <testcase name="simpleBuildArtifactTest" time="0.0" classname="org.artifactory.storage.db.build.entity.BuildArtifactTest"/>
  <testcase name="emptyDependencyNameTest" time="0.001" classname="org.artifactory.storage.db.build.entity.BuildDependencyTest"/>
  <testcase name="mostlyNullBuildDependencyTest" time="0.001" classname="org.artifactory.storage.db.build.entity.BuildDependencyTest"/>
  <testcase name="mostlyNullBuildDependencyTest2" time="0.0" classname="org.artifactory.storage.db.build.entity.BuildDependencyTest"/>
  <testcase name="mostlyNullBuildDependencyTest3" time="0.0" classname="org.artifactory.storage.db.build.entity.BuildDependencyTest"/>
  <testcase name="negDependencyIdTest" time="0.0" classname="org.artifactory.storage.db.build.entity.BuildDependencyTest"/>
  <testcase name="negModuleIdTest" time="0.001" classname="org.artifactory.storage.db.build.entity.BuildDependencyTest"/>
  <testcase name="noDependencyIdTest" time="0.001" classname="org.artifactory.storage.db.build.entity.BuildDependencyTest"/>
  <testcase name="noDependencyNameTest" time="0.0" classname="org.artifactory.storage.db.build.entity.BuildDependencyTest"/>
  <testcase name="noModuleIdTest" time="0.0" classname="org.artifactory.storage.db.build.entity.BuildDependencyTest"/>
  <testcase name="simpleBuildDependencyTest" time="0.0" classname="org.artifactory.storage.db.build.entity.BuildDependencyTest"/>
  <testcase name="buildPromotionsTest" time="0.038" classname="org.artifactory.storage.db.build.entity.BuildEntityTest"/>
  <testcase name="buildPropertiesTest" time="0.001" classname="org.artifactory.storage.db.build.entity.BuildEntityTest"/>
  <testcase name="doubleSetPromotionsInBuildTest" time="0.011" classname="org.artifactory.storage.db.build.entity.BuildEntityTest"/>
  <testcase name="doubleSetPropertiesInBuildTest" time="0.0" classname="org.artifactory.storage.db.build.entity.BuildEntityTest"/>
  <testcase name="maxNullBuildTest" time="0.001" classname="org.artifactory.storage.db.build.entity.BuildEntityTest"/>
  <testcase name="negIdBuildTest" time="0.0" classname="org.artifactory.storage.db.build.entity.BuildEntityTest"/>
  <testcase name="noDateBuildTest" time="0.0" classname="org.artifactory.storage.db.build.entity.BuildEntityTest"/>
  <testcase name="noIdBuildTest" time="0.0" classname="org.artifactory.storage.db.build.entity.BuildEntityTest"/>
  <testcase name="noNameBuildTest" time="0.001" classname="org.artifactory.storage.db.build.entity.BuildEntityTest"/>
  <testcase name="noNumberBuildTest" time="0.001" classname="org.artifactory.storage.db.build.entity.BuildEntityTest"/>
  <testcase name="noPromotionsInBuildTest" time="0.0" classname="org.artifactory.storage.db.build.entity.BuildEntityTest"/>
  <testcase name="noPropertiesInBuildTest" time="0.0" classname="org.artifactory.storage.db.build.entity.BuildEntityTest"/>
  <testcase name="nullDateBuildTest" time="0.0" classname="org.artifactory.storage.db.build.entity.BuildEntityTest"/>
  <testcase name="nullNameBuildTest" time="0.0" classname="org.artifactory.storage.db.build.entity.BuildEntityTest"/>
  <testcase name="nullNumberBuildTest" time="0.0" classname="org.artifactory.storage.db.build.entity.BuildEntityTest"/>
  <testcase name="setNullPromotionsInBuildTest" time="0.001" classname="org.artifactory.storage.db.build.entity.BuildEntityTest"/>
  <testcase name="setNullPropertiesInBuildTest" time="0.001" classname="org.artifactory.storage.db.build.entity.BuildEntityTest"/>
  <testcase name="simpleBuildTest" time="0.0" classname="org.artifactory.storage.db.build.entity.BuildEntityTest"/>
  <testcase name="doubleSetPropertiesInBuildModuleTest" time="0.002" classname="org.artifactory.storage.db.build.entity.BuildModuleTest"/>
  <testcase name="equalsModulePropertyTest" time="0.001" classname="org.artifactory.storage.db.build.entity.BuildModuleTest"/>
  <testcase name="maxNullsModulePropertyTest" time="0.0" classname="org.artifactory.storage.db.build.entity.BuildModuleTest"/>
  <testcase name="negBuildIdBuildModuleTest" time="0.0" classname="org.artifactory.storage.db.build.entity.BuildModuleTest"/>
  <testcase name="negBuildIdModulePropertyTest" time="0.0" classname="org.artifactory.storage.db.build.entity.BuildModuleTest"/>
  <testcase name="negIdBuildModuleTest" time="0.001" classname="org.artifactory.storage.db.build.entity.BuildModuleTest"/>
  <testcase name="negIdModulePropertyTest" time="0.001" classname="org.artifactory.storage.db.build.entity.BuildModuleTest"/>
  <testcase name="noBuildIdBuildModuleTest" time="0.001" classname="org.artifactory.storage.db.build.entity.BuildModuleTest"/>
  <testcase name="noBuildIdModulePropertyTest" time="0.0" classname="org.artifactory.storage.db.build.entity.BuildModuleTest"/>
  <testcase name="noIdBuildModuleTest" time="0.0" classname="org.artifactory.storage.db.build.entity.BuildModuleTest"/>
  <testcase name="noIdModulePropertyTest" time="0.0" classname="org.artifactory.storage.db.build.entity.BuildModuleTest"/>
  <testcase name="noKeyModulePropertyTest" time="0.0" classname="org.artifactory.storage.db.build.entity.BuildModuleTest"/>
  <testcase name="noNameBuildModuleTest" time="0.001" classname="org.artifactory.storage.db.build.entity.BuildModuleTest"/>
  <testcase name="noPropertiesInBuildModuleTest" time="0.001" classname="org.artifactory.storage.db.build.entity.BuildModuleTest"/>
  <testcase name="nullKeyModulePropertyTest" time="0.0" classname="org.artifactory.storage.db.build.entity.BuildModuleTest"/>
  <testcase name="nullNameBuildModuleTest" time="0.0" classname="org.artifactory.storage.db.build.entity.BuildModuleTest"/>
  <testcase name="setNullPropertiesInBuildModuleTest" time="0.001" classname="org.artifactory.storage.db.build.entity.BuildModuleTest"/>
  <testcase name="simpleBuildModuleTest" time="0.0" classname="org.artifactory.storage.db.build.entity.BuildModuleTest"/>
  <testcase name="simpleModulePropertyTest" time="0.0" classname="org.artifactory.storage.db.build.entity.BuildModuleTest"/>
  <testcase name="emptyStatusBuildPromotionTest" time="0.0" classname="org.artifactory.storage.db.build.entity.BuildPromotionStatusTest"/>
  <testcase name="equalsBuildPromotionsTest" time="0.0" classname="org.artifactory.storage.db.build.entity.BuildPromotionStatusTest"/>
  <testcase name="maxNullsBuildPromotionTest" time="0.0" classname="org.artifactory.storage.db.build.entity.BuildPromotionStatusTest"/>
  <testcase name="negBuildIdBuildPromotionTest" time="0.0" classname="org.artifactory.storage.db.build.entity.BuildPromotionStatusTest"/>
  <testcase name="negCreatedBuildPromotionTest" time="0.0" classname="org.artifactory.storage.db.build.entity.BuildPromotionStatusTest"/>
  <testcase name="noBuildIdBuildPromotionTest" time="0.0" classname="org.artifactory.storage.db.build.entity.BuildPromotionStatusTest"/>
  <testcase name="noCreatedBuildPromotionTest" time="0.001" classname="org.artifactory.storage.db.build.entity.BuildPromotionStatusTest"/>
  <testcase name="nullStatusBuildPromotionTest" time="0.0" classname="org.artifactory.storage.db.build.entity.BuildPromotionStatusTest"/>
  <testcase name="simpleBuildPromotionTest" time="0.0" classname="org.artifactory.storage.db.build.entity.BuildPromotionStatusTest"/>
  <testcase name="testBuildPromotionsOrderTest" time="0.001" classname="org.artifactory.storage.db.build.entity.BuildPromotionStatusTest"/>
  <testcase name="equalsBuildPropertyTest" time="0.0" classname="org.artifactory.storage.db.build.entity.BuildPropertyTest"/>
  <testcase name="maxNullsBuildPropertyTest" time="0.001" classname="org.artifactory.storage.db.build.entity.BuildPropertyTest"/>
  <testcase name="negBuildIdBuildPropertyTest" time="0.0" classname="org.artifactory.storage.db.build.entity.BuildPropertyTest"/>
  <testcase name="negIdBuildPropertyTest" time="0.0" classname="org.artifactory.storage.db.build.entity.BuildPropertyTest"/>
  <testcase name="noBuildIdBuildPropertyTest" time="0.001" classname="org.artifactory.storage.db.build.entity.BuildPropertyTest"/>
  <testcase name="noIdBuildPropertyTest" time="0.0" classname="org.artifactory.storage.db.build.entity.BuildPropertyTest"/>
  <testcase name="noKeyBuildPropertyTest" time="0.0" classname="org.artifactory.storage.db.build.entity.BuildPropertyTest"/>
  <testcase name="nullKeyBuildPropertyTest" time="0.0" classname="org.artifactory.storage.db.build.entity.BuildPropertyTest"/>
  <testcase name="simpleBuildPropertyTest" time="0.0" classname="org.artifactory.storage.db.build.entity.BuildPropertyTest"/>
  <testcase name="noGroupIdTest" time="0.001" classname="org.artifactory.storage.db.security.entity.GroupTest"/>
  <testcase name="noGroupNameTest" time="0.0" classname="org.artifactory.storage.db.security.entity.GroupTest"/>
  <testcase name="simpleGroupTest" time="0.0" classname="org.artifactory.storage.db.security.entity.GroupTest"/>
  <testcase name="withRealmGroupTest" time="0.0" classname="org.artifactory.storage.db.security.entity.GroupTest"/>
  <testcase name="buildDirectory" time="0.301" classname="org.artifactory.storage.db.fs.entity.NodeBuilderTest"/>
  <testcase name="buildFile" time="0.0" classname="org.artifactory.storage.db.fs.entity.NodeBuilderTest"/>
  <testcase name="buildFromRepoPath" time="0.005" classname="org.artifactory.storage.db.fs.entity.NodePathTest"/>
  <testcase name="buildFromRepoPathDepth1" time="0.0" classname="org.artifactory.storage.db.fs.entity.NodePathTest"/>
  <testcase name="buildFromRootRepoPath" time="0.001" classname="org.artifactory.storage.db.fs.entity.NodePathTest"/>
  <testcase name="constructorNoPath" time="0.0" classname="org.artifactory.storage.db.fs.entity.NodePathTest"/>
  <testcase name="constructorNoRepo" time="0.0" classname="org.artifactory.storage.db.fs.entity.NodePathTest"/>
  <testcase name="constructorPathWithNoName" time="0.0" classname="org.artifactory.storage.db.fs.entity.NodePathTest"/>
  <testcase name="constructorRootPath" time="0.0" classname="org.artifactory.storage.db.fs.entity.NodePathTest"/>
  <testcase name="pathName" time="0.0" classname="org.artifactory.storage.db.fs.entity.NodePathTest"/>
  <testcase name="pathNameOfRoot" time="0.0" classname="org.artifactory.storage.db.fs.entity.NodePathTest"/>
  <testcase name="pathNameRootChild" time="0.001" classname="org.artifactory.storage.db.fs.entity.NodePathTest"/>
  <testcase name="simpleConstructor" time="0.0" classname="org.artifactory.storage.db.fs.entity.NodePathTest"/>
  <testcase name="toRepoPath" time="0.0" classname="org.artifactory.storage.db.fs.entity.NodePathTest"/>
  <testcase name="toRepoPathDepth1" time="0.0" classname="org.artifactory.storage.db.fs.entity.NodePathTest"/>
  <testcase name="directoryConstructor" time="0.0" classname="org.artifactory.storage.db.fs.entity.NodeTest"/>
  <testcase name="fileConstructor" time="0.0" classname="org.artifactory.storage.db.fs.entity.NodeTest"/>
  <testcase name="emptyPath" time="0.0" classname="org.artifactory.storage.db.fs.util.NodeUtilsTest"/>
  <testcase name="noSlashesPath" time="0.0" classname="org.artifactory.storage.db.fs.util.NodeUtilsTest"/>
  <testcase name="nullPath" time="0.0" classname="org.artifactory.storage.db.fs.util.NodeUtilsTest"/>
  <testcase name="oneLevelPath" time="0.0" classname="org.artifactory.storage.db.fs.util.NodeUtilsTest"/>
  <testcase name="simplePath" time="0.0" classname="org.artifactory.storage.db.fs.util.NodeUtilsTest"/>
  <testcase name="trailingAndLeadingSlashesPath" time="0.0" classname="org.artifactory.storage.db.fs.util.NodeUtilsTest"/>
  <testcase name="noPermTargetIdTest" time="0.001" classname="org.artifactory.storage.db.security.entity.PermissionTargetTest"/>
  <testcase name="noPermTargetNameTest" time="0.0" classname="org.artifactory.storage.db.security.entity.PermissionTargetTest"/>
  <testcase name="noRepoKeysSetTest" time="0.001" classname="org.artifactory.storage.db.security.entity.PermissionTargetTest"/>
  <testcase name="simplePermTargetTest" time="0.0" classname="org.artifactory.storage.db.security.entity.PermissionTargetTest"/>
  <testcase name="tooManyRepoKeysSetTest" time="0.001" classname="org.artifactory.storage.db.security.entity.PermissionTargetTest"/>
  <testcase name="EqualsUserGroupTest" time="0.001" classname="org.artifactory.storage.db.security.entity.UserGroupTest"/>
  <testcase name="noGroupUserGroupTest" time="0.0" classname="org.artifactory.storage.db.security.entity.UserGroupTest"/>
  <testcase name="noUserUserGroupTest" time="0.0" classname="org.artifactory.storage.db.security.entity.UserGroupTest"/>
  <testcase name="simpleUserGroupTest" time="0.0" classname="org.artifactory.storage.db.security.entity.UserGroupTest"/>
  <testcase name="withRealmUserGroupTest" time="0.0" classname="org.artifactory.storage.db.security.entity.UserGroupTest"/>
  <testcase name="negUserIdTest" time="0.002" classname="org.artifactory.storage.db.security.entity.UserTest"/>
  <testcase name="noGroupsSetTest" time="0.0" classname="org.artifactory.storage.db.security.entity.UserTest"/>
  <testcase name="noUserIdTest" time="0.0" classname="org.artifactory.storage.db.security.entity.UserTest"/>
  <testcase name="noUserNameTest" time="0.0" classname="org.artifactory.storage.db.security.entity.UserTest"/>
  <testcase name="simpleUserTest" time="0.001" classname="org.artifactory.storage.db.security.entity.UserTest"/>
  <testcase name="tooManyGroupsSetTest" time="0.0" classname="org.artifactory.storage.db.security.entity.UserTest"/>
  <testcase name="withGroupsUserTest" time="0.001" classname="org.artifactory.storage.db.security.entity.UserTest"/>
  <testcase name="withPassUserTest" time="0.001" classname="org.artifactory.storage.db.security.entity.UserTest"/>
  <testcase name="wrongGroupSetTest" time="0.0" classname="org.artifactory.storage.db.security.entity.UserTest"/>
</testsuite> <!-- Command line test -->
