<?xml version="1.0" encoding="UTF-8"?>
<!-- Generated by org.testng.reporters.JUnitXMLReporter -->
<testsuite hostname="pond.jfrog.org" name="Command line test" tests="57" failures="0" timestamp="13 May 2013 13:14:16 GMT" time="1.073" errors="0">
  <testcase name="emptyExpression" time="0.044" classname="org.artifactory.webapp.wicket.util.CronUtilsTest"/>
  <testcase name="illegalExpression" time="0.001" classname="org.artifactory.webapp.wicket.util.CronUtilsTest"/>
  <testcase name="nextRun" time="0.005" classname="org.artifactory.webapp.wicket.util.CronUtilsTest"/>
  <testcase name="nullExpression" time="0.0" classname="org.artifactory.webapp.wicket.util.CronUtilsTest"/>
  <testcase name="validExpression" time="0.003" classname="org.artifactory.webapp.wicket.util.CronUtilsTest"/>
  <testcase name="genericCss" time="0.014" classname="org.artifactory.webapp.wicket.util.CssClassTest"/>
  <testcase name="genericCss2" time="0.001" classname="org.artifactory.webapp.wicket.util.CssClassTest"/>
  <testcase name="jarCss" time="0.0" classname="org.artifactory.webapp.wicket.util.CssClassTest"/>
  <testcase name="parentCss" time="0.0" classname="org.artifactory.webapp.wicket.util.CssClassTest"/>
  <testcase name="pomCss" time="0.0" classname="org.artifactory.webapp.wicket.util.CssClassTest"/>
  <testcase name="rarCss" time="0.0" classname="org.artifactory.webapp.wicket.util.CssClassTest"/>
  <testcase name="zipAsDocCss" time="0.0" classname="org.artifactory.webapp.wicket.util.CssClassTest"/>
  <testcase name="testDefaultValues" time="0.0" classname="org.artifactory.webapp.wicket.page.browse.treebrowser.tabs.general.dependency.DependencyDeclarationProviderTypeTest"/>
  <testcase name="inheritedProperty" time="0.173" classname="org.artifactory.webapp.wicket.util.DescriptionExtractorTest"/>
  <testcase name="nestedProperty" time="0.04" classname="org.artifactory.webapp.wicket.util.DescriptionExtractorTest"/>
  <testcase name="noSuchProperty" time="0.002" classname="org.artifactory.webapp.wicket.util.DescriptionExtractorTest"/>
  <testcase name="propertyWithElementWrapper" time="0.061" classname="org.artifactory.webapp.wicket.util.DescriptionExtractorTest"/>
  <testcase name="propertyWithoutDescription" time="0.025" classname="org.artifactory.webapp.wicket.util.DescriptionExtractorTest"/>
  <testcase name="simpleProperty" time="0.022" classname="org.artifactory.webapp.wicket.util.DescriptionExtractorTest"/>
  <testcase name="simplePropertyDescriptionWithinCData" time="0.021" classname="org.artifactory.webapp.wicket.util.DescriptionExtractorTest"/>
  <testcase name="xmlTypeFromClass" time="0.002" classname="org.artifactory.webapp.wicket.util.DescriptionExtractorTest"/>
  <testcase name="testGetDependencyDeclarationWithAllParams" time="0.01" classname="org.artifactory.webapp.wicket.page.browse.treebrowser.tabs.general.dependency.GradleDependencyDeclarationProviderTest"/>
  <testcase name="testGetDependencyDeclarationWithArtifactRevision" time="0.002" classname="org.artifactory.webapp.wicket.page.browse.treebrowser.tabs.general.dependency.GradleDependencyDeclarationProviderTest"/>
  <testcase name="testGetDependencyDeclarationWithArtifactRevisionAndClassifier" time="0.002" classname="org.artifactory.webapp.wicket.page.browse.treebrowser.tabs.general.dependency.GradleDependencyDeclarationProviderTest"/>
  <testcase name="testGetDependencyDeclarationWithArtifactRevisionAndExt" time="0.0" classname="org.artifactory.webapp.wicket.page.browse.treebrowser.tabs.general.dependency.GradleDependencyDeclarationProviderTest"/>
  <testcase name="testGetDependencyDeclarationWithClassifier" time="0.001" classname="org.artifactory.webapp.wicket.page.browse.treebrowser.tabs.general.dependency.GradleDependencyDeclarationProviderTest"/>
  <testcase name="testGetDependencyDeclarationWithClassifierAndExt" time="0.001" classname="org.artifactory.webapp.wicket.page.browse.treebrowser.tabs.general.dependency.GradleDependencyDeclarationProviderTest"/>
  <testcase name="testGetDependencyDeclarationWithExt" time="0.0" classname="org.artifactory.webapp.wicket.page.browse.treebrowser.tabs.general.dependency.GradleDependencyDeclarationProviderTest"/>
  <testcase name="testGetDependencyDeclarationWithMinimalParams" time="0.001" classname="org.artifactory.webapp.wicket.page.browse.treebrowser.tabs.general.dependency.GradleDependencyDeclarationProviderTest"/>
  <testcase name="testGetSyntaxType" time="0.01" classname="org.artifactory.webapp.wicket.page.browse.treebrowser.tabs.general.dependency.GradleDependencyDeclarationProviderTest"/>
  <testcase name="testGetDependencyDeclarationWithAllParams" time="0.002" classname="org.artifactory.webapp.wicket.page.browse.treebrowser.tabs.general.dependency.IvyDependencyDeclarationProviderTest"/>
  <testcase name="testGetDependencyDeclarationWithArtifactRevision" time="0.003" classname="org.artifactory.webapp.wicket.page.browse.treebrowser.tabs.general.dependency.IvyDependencyDeclarationProviderTest"/>
  <testcase name="testGetDependencyDeclarationWithArtifactRevisionAndClassifier" time="0.002" classname="org.artifactory.webapp.wicket.page.browse.treebrowser.tabs.general.dependency.IvyDependencyDeclarationProviderTest"/>
  <testcase name="testGetDependencyDeclarationWithArtifactRevisionAndExt" time="0.001" classname="org.artifactory.webapp.wicket.page.browse.treebrowser.tabs.general.dependency.IvyDependencyDeclarationProviderTest"/>
  <testcase name="testGetDependencyDeclarationWithClassifier" time="0.002" classname="org.artifactory.webapp.wicket.page.browse.treebrowser.tabs.general.dependency.IvyDependencyDeclarationProviderTest"/>
  <testcase name="testGetDependencyDeclarationWithClassifierAndExt" time="0.002" classname="org.artifactory.webapp.wicket.page.browse.treebrowser.tabs.general.dependency.IvyDependencyDeclarationProviderTest"/>
  <testcase name="testGetDependencyDeclarationWithExt" time="0.001" classname="org.artifactory.webapp.wicket.page.browse.treebrowser.tabs.general.dependency.IvyDependencyDeclarationProviderTest"/>
  <testcase name="testGetDependencyDeclarationWithMinimalParams" time="0.002" classname="org.artifactory.webapp.wicket.page.browse.treebrowser.tabs.general.dependency.IvyDependencyDeclarationProviderTest"/>
  <testcase name="testGetSyntaxType" time="0.0" classname="org.artifactory.webapp.wicket.page.browse.treebrowser.tabs.general.dependency.IvyDependencyDeclarationProviderTest"/>
  <testcase name="testGetDependencyDeclarationWithAllParams" time="0.003" classname="org.artifactory.webapp.wicket.page.browse.treebrowser.tabs.general.dependency.MavenDependencyDeclarationProviderTest"/>
  <testcase name="testGetDependencyDeclarationWithArtifactRevision" time="0.003" classname="org.artifactory.webapp.wicket.page.browse.treebrowser.tabs.general.dependency.MavenDependencyDeclarationProviderTest"/>
  <testcase name="testGetDependencyDeclarationWithArtifactRevisionAndClassifier" time="0.002" classname="org.artifactory.webapp.wicket.page.browse.treebrowser.tabs.general.dependency.MavenDependencyDeclarationProviderTest"/>
  <testcase name="testGetDependencyDeclarationWithArtifactRevisionAndExt" time="0.001" classname="org.artifactory.webapp.wicket.page.browse.treebrowser.tabs.general.dependency.MavenDependencyDeclarationProviderTest"/>
  <testcase name="testGetDependencyDeclarationWithClassifier" time="0.003" classname="org.artifactory.webapp.wicket.page.browse.treebrowser.tabs.general.dependency.MavenDependencyDeclarationProviderTest"/>
  <testcase name="testGetDependencyDeclarationWithClassifierAndExt" time="0.002" classname="org.artifactory.webapp.wicket.page.browse.treebrowser.tabs.general.dependency.MavenDependencyDeclarationProviderTest"/>
  <testcase name="testGetDependencyDeclarationWithExt" time="0.001" classname="org.artifactory.webapp.wicket.page.browse.treebrowser.tabs.general.dependency.MavenDependencyDeclarationProviderTest"/>
  <testcase name="testGetDependencyDeclarationWithMinimalParams" time="0.003" classname="org.artifactory.webapp.wicket.page.browse.treebrowser.tabs.general.dependency.MavenDependencyDeclarationProviderTest"/>
  <testcase name="testGetSyntaxType" time="0.0" classname="org.artifactory.webapp.wicket.page.browse.treebrowser.tabs.general.dependency.MavenDependencyDeclarationProviderTest"/>
  <testcase name="httpHostname" time="0.042" classname="org.artifactory.webapp.wicket.util.validation.UriValidatorTest"/>
  <testcase name="httpHostnameWithUnderscore" time="0.001" classname="org.artifactory.webapp.wicket.util.validation.UriValidatorTest"/>
  <testcase name="httpIp" time="0.001" classname="org.artifactory.webapp.wicket.util.validation.UriValidatorTest"/>
  <testcase name="invalidHostname" time="0.004" classname="org.artifactory.webapp.wicket.util.validation.UriValidatorTest"/>
  <testcase name="invalidSchema" time="0.0" classname="org.artifactory.webapp.wicket.util.validation.UriValidatorTest"/>
  <testcase name="testValidateLicenseTargetISame" time="0.001" classname="org.artifactory.addon.wicket.WicketAddonsImplTest"/>
  <testcase name="testValidateLicenseTargetIsTrial" time="0.001" classname="org.artifactory.addon.wicket.WicketAddonsImplTest"/>
  <testcase name="testValidateLicenseTargetIsnullOSS" time="0.0" classname="org.artifactory.addon.wicket.WicketAddonsImplTest"/>
  <testcase name="testValidateLicenseTargetIsnullPro" time="0.003" classname="org.artifactory.addon.wicket.WicketAddonsImplTest"/>
</testsuite> <!-- Command line test -->
