<?xml version="1.0" encoding="UTF-8" ?>
<testsuite failures="0" time="3.667" errors="0" skipped="0" tests="401" name="TestSuite">
  <properties>
[...]
</properties>
  <testcase time="0.005" classname="org.artifactory.storage.db.fs.itest.service.FileServiceImplTest" name="verifyDbResourcesReleased"/>
  <testcase time="0.034" classname="org.artifactory.storage.db.fs.itest.service.FileServiceImplTest" name="countAllFiles"/>
  <testcase time="0.032" classname="org.artifactory.storage.db.fs.itest.service.FileServiceImplTest" name="countFilesUnderFolder"/>
  <testcase time="0.019" classname="org.artifactory.storage.db.fs.itest.service.FileServiceImplTest" name="countFilesUnderRepo"/>
  <testcase time="0.026" classname="org.artifactory.storage.db.fs.itest.service.FileServiceImplTest" name="countFolderAndFilesUnderFolder"/>
  <testcase time="0.017" classname="org.artifactory.storage.db.fs.itest.service.FileServiceImplTest" name="countFolderAndFilesUnderRepo"/>
  <testcase time="0.002" classname="org.artifactory.storage.db.fs.itest.service.FileServiceImplTest" name="countRepoFilesAndFoldersUnderNonExistentRepo"/>
  <testcase time="0.002" classname="org.artifactory.storage.db.fs.itest.service.FileServiceImplTest" name="countRepoFilesUnderNonExistentRepo"/>
  <testcase time="0.052" classname="org.artifactory.storage.db.fs.itest.service.FileServiceImplTest" name="createFolder"/>
  <testcase time="0.013" classname="org.artifactory.storage.db.fs.itest.service.FileServiceImplTest" name="deleteNonExistentItem"/>
  <testcase time="0.03" classname="org.artifactory.storage.db.fs.itest.service.FileServiceImplTest" name="getMd5BadChecksums"/>
  <testcase time="0.02" classname="org.artifactory.storage.db.fs.itest.service.FileServiceImplTest" name="getSha1BadChecksums"/>
  <testcase time="0.019" classname="org.artifactory.storage.db.fs.itest.service.FileServiceImplTest" name="itemExists"/>
  <testcase time="0.002" classname="org.artifactory.storage.db.fs.itest.service.FileServiceImplTest" name="itemExistsRepoRoot"/>
  <testcase time="0.002" classname="org.artifactory.storage.db.fs.itest.service.FileServiceImplTest" name="itemNotExists"/>
  <testcase time="0.021" classname="org.artifactory.storage.db.fs.itest.service.FileServiceImplTest" name="loadChildren"/>
  <testcase time="0.001" classname="org.artifactory.storage.db.fs.itest.service.FileServiceImplTest" name="loadFolder"/>
  <testcase time="0.001" classname="org.artifactory.storage.db.fs.itest.service.FileServiceImplTest" name="loadFolderUnderRoot"/>
  <testcase time="0.014" classname="org.artifactory.storage.db.fs.itest.service.FileServiceImplTest" name="loadItemById"/>
  <testcase time="0.001" classname="org.artifactory.storage.db.fs.itest.service.FileServiceImplTest" name="loadNonExistentById"/>
  <testcase time="0.001" classname="org.artifactory.storage.db.fs.itest.service.FileServiceImplTest" name="loadNonExistentFolder"/>
  <testcase time="0.017" classname="org.artifactory.storage.db.fs.itest.service.FileServiceImplTest" name="nodeIdNoSuchNode"/>
  <testcase time="0.002" classname="org.artifactory.storage.db.fs.itest.service.FileServiceImplTest" name="nodeIdRoot"/>
  <testcase time="0.016" classname="org.artifactory.storage.db.fs.itest.service.FileServiceImplTest" name="nodeSha1OfFile"/>
  <testcase time="0.003" classname="org.artifactory.storage.db.fs.itest.service.FileServiceImplTest" name="nodeSha1OfFolder"/>
  <testcase time="0.001" classname="org.artifactory.storage.db.fs.itest.service.FileServiceImplTest" name="nodeSha1NotExist"/>
  <testcase time="0.008" classname="org.artifactory.storage.db.fs.itest.service.FileServiceImplTest" name="deleteFolderById"/>
  <testcase time="0.002" classname="org.artifactory.storage.db.fs.itest.dao.NodesDaoTest" name="createDirectoryNode"/>
  <testcase time="0.021" classname="org.artifactory.storage.db.fs.itest.dao.NodesDaoTest" name="getChildrenOfLeafFolderNode"/>
  <testcase time="0.002" classname="org.artifactory.storage.db.fs.itest.dao.NodesDaoTest" name="searchBadMd5Checksums"/>
  <testcase time="0.003" classname="org.artifactory.storage.db.fs.itest.dao.NodesDaoTest" name="getChildrenOfRoot"/>
  <testcase time="0.002" classname="org.artifactory.storage.db.fs.itest.dao.NodesDaoTest" name="countFilesUnderFolder"/>
  <testcase time="0.001" classname="org.artifactory.storage.db.fs.itest.dao.NodesDaoTest" name="nodeSha1OfFile"/>
  <testcase time="0" classname="org.artifactory.storage.db.fs.itest.dao.NodesDaoTest" name="verifyDbResourcesReleased"/>
  <testcase time="0.001" classname="org.artifactory.storage.db.fs.itest.dao.NodesDaoTest" name="countFilesUnderFile"/>
  <testcase time="0.001" classname="org.artifactory.storage.db.fs.itest.dao.NodesDaoTest" name="countFilesAndFoldersUnderNonExistentFolder"/>
  <testcase time="0.002" classname="org.artifactory.storage.db.fs.itest.dao.NodesDaoTest" name="getChildrenOfNodeDirectlyUnderRootWithCousinStartingWithSamePrefix"/>
  <testcase time="0.003" classname="org.artifactory.storage.db.fs.itest.dao.NodesDaoTest" name="searchBadSha1Checksums"/>
  <testcase time="0.04" classname="org.artifactory.storage.db.fs.itest.dao.NodesDaoTest" name="getFilesTotalSize"/>
  <testcase time="0.013" classname="org.artifactory.storage.db.fs.itest.dao.NodesDaoTest" name="findChecksumsByMd5"/>
  <testcase time="0.001" classname="org.artifactory.storage.db.fs.itest.dao.NodesDaoTest" name="itemExists"/>
  <testcase time="0.002" classname="org.artifactory.storage.db.fs.itest.dao.NodesDaoTest" name="nodeSha1OfFolder"/>
  <testcase time="0.001" classname="org.artifactory.storage.db.fs.itest.dao.NodesDaoTest" name="countFilesAndFoldersUnderFolderWithDirectChildren"/>
  <testcase time="0.001" classname="org.artifactory.storage.db.fs.itest.dao.NodesDaoTest" name="countRepositoryFiles"/>
  <testcase time="0" classname="org.artifactory.storage.db.fs.itest.dao.NodesDaoTest" name="testFindEmptyChecksumsBySha1"/>
  <testcase time="0.001" classname="org.artifactory.storage.db.fs.itest.dao.NodesDaoTest" name="countRepositoryFilesAndFoldersUnderFolder"/>
  <testcase time="0.002" classname="org.artifactory.storage.db.fs.itest.dao.NodesDaoTest" name="getChildrenOfLeafFileNode"/>
  <testcase time="0.002" classname="org.artifactory.storage.db.fs.itest.dao.NodesDaoTest" name="countRepositoryFilesAndFolders"/>
  <testcase time="0.027" classname="org.artifactory.storage.db.fs.itest.dao.NodesDaoTest" name="searchFilesByPropertyNoMatch"/>
  <testcase time="0.013" classname="org.artifactory.storage.db.fs.itest.dao.NodesDaoTest" name="findChecksumsBySha1"/>
  <testcase time="0.001" classname="org.artifactory.storage.db.fs.itest.dao.NodesDaoTest" name="itemNotExists"/>
  <testcase time="0.001" classname="org.artifactory.storage.db.fs.itest.dao.NodesDaoTest" name="deleteNonExistent"/>
  <testcase time="0.001" classname="org.artifactory.storage.db.fs.itest.dao.NodesDaoTest" name="nodeSha1NotExist"/>
  <testcase time="0.001" classname="org.artifactory.storage.db.fs.itest.dao.NodesDaoTest" name="testFindEmptyChecksumsByMd5"/>
  <testcase time="0.003" classname="org.artifactory.storage.db.fs.itest.dao.NodesDaoTest" name="getChildrenOfNodeDirectlyUnderRoot"/>
  <testcase time="0.05" classname="org.artifactory.storage.db.fs.itest.dao.NodesDaoTest" name="countFilesUnderNonExistentFolder"/>
  <testcase time="0.002" classname="org.artifactory.storage.db.fs.itest.dao.NodesDaoTest" name="countFilesUnderFolderWithDirectChildren"/>
  <testcase time="0.001" classname="org.artifactory.storage.db.fs.itest.dao.NodesDaoTest" name="nodeIdNoSuchNode"/>
  <testcase time="0.002" classname="org.artifactory.storage.db.fs.itest.dao.NodesDaoTest" name="searchFilesByProperty"/>
  <testcase time="0.001" classname="org.artifactory.storage.db.fs.itest.dao.NodesDaoTest" name="countFilesAndFoldersUnderFile"/>
  <testcase time="0.001" classname="org.artifactory.storage.db.fs.itest.dao.NodesDaoTest" name="nodeIdRoot"/>
  <testcase time="0.018" classname="org.artifactory.storage.db.fs.itest.dao.NodesDaoTest" name="updateFolderNode"/>
  <testcase time="0.005" classname="org.artifactory.storage.db.fs.itest.dao.NodesDaoTest" name="deleteDirectoryNode"/>
  <testcase time="0.001" classname="org.artifactory.storage.db.fs.itest.dao.NodesDaoTest" name="loadDirectoryNodeByPath"/>
  <testcase time="0.011" classname="org.artifactory.storage.db.fs.itest.dao.NodesDaoTest" name="loadDirectoryNodeById"/>
  <testcase time="0.007" classname="org.artifactory.storage.db.binstore.itest.dao.BinariesDaoTest" name="binaryNotExists"/>
  <testcase time="0.025" classname="org.artifactory.storage.db.binstore.itest.dao.BinariesDaoTest" name="findChecksumsByMd5"/>
  <testcase time="0.007" classname="org.artifactory.storage.db.binstore.itest.dao.BinariesDaoTest" name="findChecksumsBySha1"/>
  <testcase time="0.019" classname="org.artifactory.storage.db.binstore.itest.dao.BinariesDaoTest" name="findPotentialDeletion"/>
  <testcase time="0.008" classname="org.artifactory.storage.db.binstore.itest.dao.BinariesDaoTest" name="loadExistingNode"/>
  <testcase time="0.001" classname="org.artifactory.storage.db.binstore.itest.dao.BinariesDaoTest" name="testFindEmptyChecksumsByMd5"/>
  <testcase time="0" classname="org.artifactory.storage.db.binstore.itest.dao.BinariesDaoTest" name="verifyDbResourcesReleased"/>
  <testcase time="0" classname="org.artifactory.storage.db.binstore.itest.dao.BinariesDaoTest" name="testFindEmptyChecksumsBySha1"/>
  <testcase time="0.017" classname="org.artifactory.storage.db.binstore.itest.dao.BinariesDaoTest" name="createExistingBinary"/>
  <testcase time="0.001" classname="org.artifactory.storage.db.binstore.itest.dao.BinariesDaoTest" name="binaryExists"/>
  <testcase time="0.001" classname="org.artifactory.storage.db.binstore.itest.dao.BinariesDaoTest" name="loadNonExistingNode"/>
  <testcase time="0.003" classname="org.artifactory.storage.db.binstore.itest.dao.BinariesDaoTest" name="createBinary"/>
  <testcase time="0.01" classname="org.artifactory.storage.db.binstore.itest.dao.BinariesDaoTest" name="testGetCountAndTotalSize"/>
  <testcase time="0.021" classname="org.artifactory.storage.db.binstore.itest.dao.BinariesDaoTest" name="testDeleteEntries"/>
  <testcase time="0" classname="org.artifactory.storage.db.fs.itest.dao.PropertiesDaoTest" name="verifyDbResourcesReleased"/>
  <testcase time="0.008" classname="org.artifactory.storage.db.fs.itest.dao.PropertiesDaoTest" name="deletePropertiesNodeWithNoProperties"/>
  <testcase time="0.011" classname="org.artifactory.storage.db.fs.itest.dao.PropertiesDaoTest" name="deletePropertiesNodeWithProperties"/>
  <testcase time="0.001" classname="org.artifactory.storage.db.fs.itest.dao.PropertiesDaoTest" name="deletePropertiesNonExistentNode"/>
  <testcase time="0.001" classname="org.artifactory.storage.db.fs.itest.dao.PropertiesDaoTest" name="getPropertiesNodeNotExist"/>
  <testcase time="0.001" classname="org.artifactory.storage.db.fs.itest.dao.PropertiesDaoTest" name="getPropertiesNodeWithEmptyProperties"/>
  <testcase time="0.001" classname="org.artifactory.storage.db.fs.itest.dao.PropertiesDaoTest" name="getPropertiesNodeWithProperties"/>
  <testcase time="0.001" classname="org.artifactory.storage.db.fs.itest.dao.PropertiesDaoTest" name="getPropertiesNodeWithoutProperties"/>
  <testcase time="0.008" classname="org.artifactory.storage.db.fs.itest.dao.PropertiesDaoTest" name="hasPropertiesNodeNotExist"/>
  <testcase time="0.001" classname="org.artifactory.storage.db.fs.itest.dao.PropertiesDaoTest" name="hasPropertiesNodeWithProperties"/>
  <testcase time="0.001" classname="org.artifactory.storage.db.fs.itest.dao.PropertiesDaoTest" name="hasPropertiesNodeWithoutProperties"/>
  <testcase time="0.008" classname="org.artifactory.storage.db.fs.itest.dao.PropertiesDaoTest" name="insertProperty"/>
  <testcase time="0.001" classname="org.artifactory.storage.db.fs.itest.service.PropertiesServiceImplTest" name="verifyDbResourcesReleased"/>
  <testcase time="0.011" classname="org.artifactory.storage.db.fs.itest.service.PropertiesServiceImplTest" name="getPropertiesNodeNotExist"/>
  <testcase time="0.002" classname="org.artifactory.storage.db.fs.itest.service.PropertiesServiceImplTest" name="hasPropertiesPathWithProperties"/>
  <testcase time="0.018" classname="org.artifactory.storage.db.fs.itest.service.PropertiesServiceImplTest" name="setProperties"/>
  <testcase time="0.002" classname="org.artifactory.storage.db.fs.itest.service.PropertiesServiceImplTest" name="getPropertiesNodeWithMultiValueProperties"/>
  <testcase time="0.001" classname="org.artifactory.storage.db.fs.itest.service.PropertiesServiceImplTest" name="getPropertiesNodeWithProperties"/>
  <testcase time="0.001" classname="org.artifactory.storage.db.fs.itest.service.PropertiesServiceImplTest" name="hasPropertiesPathWithNoProperties"/>
  <testcase time="0" classname="org.artifactory.storage.db.fs.itest.service.PropertiesServiceImplTest" name="getPropertiesNodeWithNone"/>
  <testcase time="0.003" classname="org.artifactory.storage.db.fs.itest.service.PropertiesServiceImplTest" name="deleteProperties"/>
  <testcase time="0" classname="org.artifactory.storage.db.fs.itest.dao.WatchesDaoTest" name="verifyDbResourcesReleased"/>
  <testcase time="0.008" classname="org.artifactory.storage.db.fs.itest.dao.WatchesDaoTest" name="deleteAllUserWatches"/>
  <testcase time="0.001" classname="org.artifactory.storage.db.fs.itest.dao.WatchesDaoTest" name="deleteAllUserWatchesNoSuchUser"/>
  <testcase time="0.008" classname="org.artifactory.storage.db.fs.itest.dao.WatchesDaoTest" name="deleteUserWatches"/>
  <testcase time="0.007" classname="org.artifactory.storage.db.fs.itest.dao.WatchesDaoTest" name="deleteWatchesNodeWithNoWatches"/>
  <testcase time="0.009" classname="org.artifactory.storage.db.fs.itest.dao.WatchesDaoTest" name="deleteWatchesNodeWithWatches"/>
  <testcase time="0.001" classname="org.artifactory.storage.db.fs.itest.dao.WatchesDaoTest" name="deleteWatchesNonExistentNode"/>
  <testcase time="0.001" classname="org.artifactory.storage.db.fs.itest.dao.WatchesDaoTest" name="getWatchesNodeNotExist"/>
  <testcase time="0.001" classname="org.artifactory.storage.db.fs.itest.dao.WatchesDaoTest" name="getWatchesNodeWithWatches"/>
  <testcase time="0.001" classname="org.artifactory.storage.db.fs.itest.dao.WatchesDaoTest" name="getWatchesNodeWithoutWatches"/>
  <testcase time="0.008" classname="org.artifactory.storage.db.fs.itest.dao.WatchesDaoTest" name="hasWatchesNodeNotExist"/>
  <testcase time="0.001" classname="org.artifactory.storage.db.fs.itest.dao.WatchesDaoTest" name="hasWatchesNodeWithWatches"/>
  <testcase time="0.001" classname="org.artifactory.storage.db.fs.itest.dao.WatchesDaoTest" name="hasWatchesNodeWithoutWatches"/>
  <testcase time="0.007" classname="org.artifactory.storage.db.fs.itest.dao.WatchesDaoTest" name="insertWatch"/>
  <testcase time="0" classname="org.artifactory.storage.db.fs.itest.service.WatchesServiceImplTest" name="verifyDbResourcesReleased"/>
  <testcase time="0.037" classname="org.artifactory.storage.db.fs.itest.service.WatchesServiceImplTest" name="createWatch"/>
  <testcase time="0.006" classname="org.artifactory.storage.db.fs.itest.service.WatchesServiceImplTest" name="createWatches"/>
  <testcase time="0.003" classname="org.artifactory.storage.db.fs.itest.service.WatchesServiceImplTest" name="deleteAllUserWatches"/>
  <testcase time="0.002" classname="org.artifactory.storage.db.fs.itest.service.WatchesServiceImplTest" name="deleteUserWatches"/>
  <testcase time="0" classname="org.artifactory.storage.db.fs.itest.service.WatchesServiceImplTest" name="getWatchesNodeNotExist"/>
  <testcase time="0" classname="org.artifactory.storage.db.fs.itest.service.WatchesServiceImplTest" name="getWatchesNodeWithMultiWatches"/>
  <testcase time="0" classname="org.artifactory.storage.db.fs.itest.service.WatchesServiceImplTest" name="getWatchesNodeWithWatches"/>
  <testcase time="0" classname="org.artifactory.storage.db.fs.itest.service.WatchesServiceImplTest" name="hasWatchesNodeNotExist"/>
  <testcase time="0" classname="org.artifactory.storage.db.fs.itest.service.WatchesServiceImplTest" name="getWatchesNodeWithNone"/>
  <testcase time="0.001" classname="org.artifactory.storage.db.fs.itest.service.WatchesServiceImplTest" name="deleteUserWatchesNoSuchUser"/>
  <testcase time="0.002" classname="org.artifactory.storage.db.fs.itest.service.WatchesServiceImplTest" name="deleteAllUserWatchesNoSuchUser"/>
  <testcase time="0" classname="org.artifactory.storage.db.fs.itest.service.WatchesServiceImplTest" name="hasWatchesNodeWithoutWatches"/>
  <testcase time="0.001" classname="org.artifactory.storage.db.fs.itest.service.WatchesServiceImplTest" name="hasWatchesNodeWithWatches"/>
  <testcase time="0.002" classname="org.artifactory.storage.db.fs.itest.service.WatchesServiceImplTest" name="deleteWatches"/>
  <testcase time="0" classname="org.artifactory.storage.db.fs.itest.service.WatchesServiceImplTest" name="verifyCachePopulation"/>
  <testcase time="0" classname="org.artifactory.storage.db.fs.itest.dao.StatsDaoTest" name="verifyDbResourcesReleased"/>
  <testcase time="0.012" classname="org.artifactory.storage.db.fs.itest.dao.StatsDaoTest" name="createStatsFileWithoutStats"/>
  <testcase time="0.01" classname="org.artifactory.storage.db.fs.itest.dao.StatsDaoTest" name="deleteStatsFileWithoutStats"/>
  <testcase time="0" classname="org.artifactory.storage.db.fs.itest.dao.StatsDaoTest" name="deleteStatsNonExistingNode"/>
  <testcase time="0.001" classname="org.artifactory.storage.db.fs.itest.dao.StatsDaoTest" name="getFileStats"/>
  <testcase time="0.001" classname="org.artifactory.storage.db.fs.itest.dao.StatsDaoTest" name="getFileStatsWithNoDownloads"/>
  <testcase time="0.008" classname="org.artifactory.storage.db.fs.itest.dao.StatsDaoTest" name="hasStatsFileWithStats"/>
  <testcase time="0.001" classname="org.artifactory.storage.db.fs.itest.dao.StatsDaoTest" name="hasStatsFileWithoutStats"/>
  <testcase time="0" classname="org.artifactory.storage.db.fs.itest.dao.StatsDaoTest" name="hasStatsFolder"/>
  <testcase time="0.001" classname="org.artifactory.storage.db.fs.itest.dao.StatsDaoTest" name="hasStatsNonExistentId"/>
  <testcase time="0.009" classname="org.artifactory.storage.db.fs.itest.dao.StatsDaoTest" name="updateStatsFileWithoutStats"/>
  <testcase time="0.004" classname="org.artifactory.storage.db.fs.itest.dao.StatsDaoTest" name="createStatsFileWithStats"/>
  <testcase time="0.002" classname="org.artifactory.storage.db.fs.itest.dao.StatsDaoTest" name="updateStatsFileWithStats"/>
  <testcase time="0.001" classname="org.artifactory.storage.db.fs.itest.dao.StatsDaoTest" name="deleteStatsFileWithStats"/>
  <testcase time="0" classname="org.artifactory.storage.db.fs.itest.service.StatsServiceImplTest" name="verifyDbResourcesReleased"/>
  <testcase time="0.001" classname="org.artifactory.storage.db.fs.itest.service.StatsServiceImplTest" name="deleteStatsOnNonExistingNode"/>
  <testcase time="0.005" classname="org.artifactory.storage.db.fs.itest.service.StatsServiceImplTest" name="fileDownloadedOnNonExistingItem"/>
  <testcase time="0.001" classname="org.artifactory.storage.db.fs.itest.service.StatsServiceImplTest" name="getStatsFileWithNoStats"/>
  <testcase time="0.002" classname="org.artifactory.storage.db.fs.itest.service.StatsServiceImplTest" name="getStatsFileWithStats"/>
  <testcase time="0.002" classname="org.artifactory.storage.db.fs.itest.service.StatsServiceImplTest" name="getStatsFolder"/>
  <testcase time="0.001" classname="org.artifactory.storage.db.fs.itest.service.StatsServiceImplTest" name="getStatsNonExistingItem"/>
  <testcase time="0.002" classname="org.artifactory.storage.db.fs.itest.service.StatsServiceImplTest" name="hasStatsFileWithStats"/>
  <testcase time="0.001" classname="org.artifactory.storage.db.fs.itest.service.StatsServiceImplTest" name="hasStatsFileWithoutStats"/>
  <testcase time="0.001" classname="org.artifactory.storage.db.fs.itest.service.StatsServiceImplTest" name="hasStatsFolder"/>
  <testcase time="0.001" classname="org.artifactory.storage.db.fs.itest.service.StatsServiceImplTest" name="hasStatsNonExistentPath"/>
  <testcase time="0.004" classname="org.artifactory.storage.db.fs.itest.service.StatsServiceImplTest" name="setStatsOnFileWithoutStats"/>
  <testcase time="0.001" classname="org.artifactory.storage.db.fs.itest.service.StatsServiceImplTest" name="fileDownloadedOnFileWithNoStats"/>
  <testcase time="0.004" classname="org.artifactory.storage.db.fs.itest.service.StatsServiceImplTest" name="setStatsOnFileWithStats"/>
  <testcase time="0.001" classname="org.artifactory.storage.db.fs.itest.service.StatsServiceImplTest" name="fileDownloadedOnFileWithStats"/>
  <testcase time="0.004" classname="org.artifactory.storage.db.fs.itest.service.StatsServiceImplTest" name="deleteStatsOnFileWithStats"/>
  <testcase time="0.001" classname="org.artifactory.storage.db.fs.itest.service.StatsServiceImplTest" name="deleteStatsOnFileWithoutStats"/>
  <testcase time="0.008" classname="org.artifactory.storage.db.fs.itest.dao.ConfigsDaoTest" name="createConfig"/>
  <testcase time="0.001" classname="org.artifactory.storage.db.fs.itest.dao.ConfigsDaoTest" name="createStreamConfig"/>
  <testcase time="0.008" classname="org.artifactory.storage.db.fs.itest.dao.ConfigsDaoTest" name="hasConfigNoConfig"/>
  <testcase time="0.006" classname="org.artifactory.storage.db.fs.itest.dao.ConfigsDaoTest" name="loadConfigNoConfig"/>
  <testcase time="0" classname="org.artifactory.storage.db.fs.itest.dao.ConfigsDaoTest" name="verifyDbResourcesReleased"/>
  <testcase time="0.007" classname="org.artifactory.storage.db.fs.itest.dao.ConfigsDaoTest" name="updateConfigNoConfig"/>
  <testcase time="0.001" classname="org.artifactory.storage.db.fs.itest.dao.ConfigsDaoTest" name="hasConfig"/>
  <testcase time="0" classname="org.artifactory.storage.db.fs.itest.dao.ConfigsDaoTest" name="hasStreamConfig"/>
  <testcase time="0.004" classname="org.artifactory.storage.db.fs.itest.dao.ConfigsDaoTest" name="loadConfig"/>
  <testcase time="0.003" classname="org.artifactory.storage.db.fs.itest.dao.ConfigsDaoTest" name="loadStreamConfig"/>
  <testcase time="0.002" classname="org.artifactory.storage.db.fs.itest.dao.ConfigsDaoTest" name="updateConfig"/>
  <testcase time="0.002" classname="org.artifactory.storage.db.fs.itest.dao.ConfigsDaoTest" name="updateStreamConfig"/>
  <testcase time="0.008" classname="org.artifactory.storage.db.fs.itest.dao.ConfigsDaoTest" name="testDelete"/>
  <testcase time="0.002" classname="org.artifactory.storage.db.fs.itest.service.ConfigsServiceImplTest" name="addConfig"/>
  <testcase time="0.004" classname="org.artifactory.storage.db.fs.itest.service.ConfigsServiceImplTest" name="addOrUpdateConfig"/>
  <testcase time="0.001" classname="org.artifactory.storage.db.fs.itest.service.ConfigsServiceImplTest" name="hasConfigNoConfig"/>
  <testcase time="0.001" classname="org.artifactory.storage.db.fs.itest.service.ConfigsServiceImplTest" name="loadConfigNoConfig"/>
  <testcase time="0" classname="org.artifactory.storage.db.fs.itest.service.ConfigsServiceImplTest" name="verifyDbResourcesReleased"/>
  <testcase time="0.001" classname="org.artifactory.storage.db.fs.itest.service.ConfigsServiceImplTest" name="updateConfigNoConfig"/>
  <testcase time="0.001" classname="org.artifactory.storage.db.fs.itest.service.ConfigsServiceImplTest" name="addConfigExistingConfig"/>
  <testcase time="0.001" classname="org.artifactory.storage.db.fs.itest.service.ConfigsServiceImplTest" name="getConfig"/>
  <testcase time="0.001" classname="org.artifactory.storage.db.fs.itest.service.ConfigsServiceImplTest" name="hasConfig"/>
  <testcase time="0.002" classname="org.artifactory.storage.db.fs.itest.service.ConfigsServiceImplTest" name="updateConfig"/>
  <testcase time="0.011" classname="org.artifactory.storage.db.fs.itest.dao.ArchiveEntriesDaoTest" name="createFindArchiveNameEntry"/>
  <testcase time="0.001" classname="org.artifactory.storage.db.fs.itest.dao.ArchiveEntriesDaoTest" name="createFindArchiveNameEntryEmpty"/>
  <testcase time="0.01" classname="org.artifactory.storage.db.fs.itest.dao.ArchiveEntriesDaoTest" name="createFindArchivePathEntry"/>
  <testcase time="0.013" classname="org.artifactory.storage.db.fs.itest.dao.ArchiveEntriesDaoTest" name="createIndexedArchive"/>
  <testcase time="0.021" classname="org.artifactory.storage.db.fs.itest.dao.ArchiveEntriesDaoTest" name="deleteUnreferencedNameIds"/>
  <testcase time="0.014" classname="org.artifactory.storage.db.fs.itest.dao.ArchiveEntriesDaoTest" name="deleteUnreferencedPathIds"/>
  <testcase time="0.001" classname="org.artifactory.storage.db.fs.itest.dao.ArchiveEntriesDaoTest" name="findArchivePathEntryEmpty"/>
  <testcase time="0.001" classname="org.artifactory.storage.db.fs.itest.dao.ArchiveEntriesDaoTest" name="getEntryPathExistingPath"/>
  <testcase time="0.001" classname="org.artifactory.storage.db.fs.itest.dao.ArchiveEntriesDaoTest" name="getEntryPathNonExistingPath"/>
  <testcase time="0.01" classname="org.artifactory.storage.db.fs.itest.dao.ArchiveEntriesDaoTest" name="hasIndexedArchivesEntries"/>
  <testcase time="0.001" classname="org.artifactory.storage.db.fs.itest.dao.ArchiveEntriesDaoTest" name="isIndexed"/>
  <testcase time="0.001" classname="org.artifactory.storage.db.fs.itest.dao.ArchiveEntriesDaoTest" name="isIndexedNoSuchChecksum"/>
  <testcase time="0.028" classname="org.artifactory.storage.db.fs.itest.dao.ArchiveEntriesDaoTest" name="loadByChecksum"/>
  <testcase time="0.001" classname="org.artifactory.storage.db.fs.itest.dao.ArchiveEntriesDaoTest" name="loadByChecksumNonExisting"/>
  <testcase time="0.024" classname="org.artifactory.storage.db.fs.itest.dao.ArchiveEntriesDaoTest" name="removeByChecksum"/>
  <testcase time="0.001" classname="org.artifactory.storage.db.fs.itest.dao.ArchiveEntriesDaoTest" name="removeByChecksumNoSuchChecksum"/>
  <testcase time="0" classname="org.artifactory.storage.db.fs.itest.dao.ArchiveEntriesDaoTest" name="verifyDbResourcesReleased"/>
  <testcase time="0.001" classname="org.artifactory.storage.db.fs.itest.service.ArchiveEntriesServiceImplTest" name="deleteEntriesNotIndexed"/>
  <testcase time="0.027" classname="org.artifactory.storage.db.fs.itest.service.ArchiveEntriesServiceImplTest" name="deleteKeepsPathAndName"/>
  <testcase time="0.006" classname="org.artifactory.storage.db.fs.itest.service.ArchiveEntriesServiceImplTest" name="getEntries"/>
  <testcase time="0.001" classname="org.artifactory.storage.db.fs.itest.service.ArchiveEntriesServiceImplTest" name="hasEntries"/>
  <testcase time="0" classname="org.artifactory.storage.db.fs.itest.service.ArchiveEntriesServiceImplTest" name="hasEntriesNoSuchChecksum"/>
  <testcase time="0.014" classname="org.artifactory.storage.db.fs.itest.service.ArchiveEntriesServiceImplTest" name="insertEntries"/>
  <testcase time="0.023" classname="org.artifactory.storage.db.fs.itest.service.ArchiveEntriesServiceImplTest" name="insertEntriesReusedPathAndName"/>
  <testcase time="0" classname="org.artifactory.storage.db.fs.itest.service.ArchiveEntriesServiceImplTest" name="verifyDbResourcesReleased"/>
  <testcase time="0.005" classname="org.artifactory.storage.db.fs.itest.service.ArchiveEntriesServiceImplTest" name="deleteEntries"/>
  <testcase time="0" classname="org.artifactory.storage.db.fs.itest.dao.TasksDaoTest" name="verifyDbResourcesReleased"/>
  <testcase time="0.018" classname="org.artifactory.storage.db.fs.itest.dao.TasksDaoTest" name="create"/>
  <testcase time="0.002" classname="org.artifactory.storage.db.fs.itest.dao.TasksDaoTest" name="createDuplicate"/>
  <testcase time="0.008" classname="org.artifactory.storage.db.fs.itest.dao.TasksDaoTest" name="delete"/>
  <testcase time="0.001" classname="org.artifactory.storage.db.fs.itest.dao.TasksDaoTest" name="exist"/>
  <testcase time="0" classname="org.artifactory.storage.db.fs.itest.dao.TasksDaoTest" name="loadByType"/>
  <testcase time="0" classname="org.artifactory.storage.db.fs.itest.service.TasksServiceImplTest" name="verifyDbResourcesReleased"/>
  <testcase time="0.001" classname="org.artifactory.storage.db.fs.itest.service.TasksServiceImplTest" name="getIndexTasks"/>
  <testcase time="0" classname="org.artifactory.storage.db.fs.itest.service.TasksServiceImplTest" name="hasIndexTask"/>
  <testcase time="0" classname="org.artifactory.storage.db.fs.itest.service.TasksServiceImplTest" name="removeIndexTaskByRepoPathNotExist"/>
  <testcase time="0.002" classname="org.artifactory.storage.db.fs.itest.service.TasksServiceImplTest" name="addIndexTask"/>
  <testcase time="0.001" classname="org.artifactory.storage.db.fs.itest.service.TasksServiceImplTest" name="removeIndexTaskByRepoPath"/>
  <testcase time="0.023" classname="org.artifactory.storage.db.fs.itest.service.TasksServiceImplTest" name="removeIndexTask"/>
  <testcase time="0.001" classname="org.artifactory.storage.db.security.itest.dao.UserGroupsDaoTest" name="verifyDbResourcesReleased"/>
  <testcase time="0.006" classname="org.artifactory.storage.db.security.itest.dao.UserGroupsDaoTest" name="testCreateGroup"/>
  <testcase time="0.003" classname="org.artifactory.storage.db.security.itest.dao.UserGroupsDaoTest" name="testCreateGroupSameId"/>
  <testcase time="0.003" classname="org.artifactory.storage.db.security.itest.dao.UserGroupsDaoTest" name="testCreateGroupSameName"/>
  <testcase time="0.022" classname="org.artifactory.storage.db.security.itest.dao.UserGroupsDaoTest" name="testCreateUser"/>
  <testcase time="0.002" classname="org.artifactory.storage.db.security.itest.dao.UserGroupsDaoTest" name="testCreateUserFailedNoGroups"/>
  <testcase time="0.003" classname="org.artifactory.storage.db.security.itest.dao.UserGroupsDaoTest" name="testCreateUserSameId"/>
  <testcase time="0.003" classname="org.artifactory.storage.db.security.itest.dao.UserGroupsDaoTest" name="testCreateUserSameName"/>
  <testcase time="0.01" classname="org.artifactory.storage.db.security.itest.dao.UserGroupsDaoTest" name="testCreateUserWithFailedGroups"/>
  <testcase time="0.006" classname="org.artifactory.storage.db.security.itest.dao.UserGroupsDaoTest" name="testCreateUserWithGroups"/>
  <testcase time="0.008" classname="org.artifactory.storage.db.security.itest.dao.UserGroupsDaoTest" name="testFindGroupByName"/>
  <testcase time="0.003" classname="org.artifactory.storage.db.security.itest.dao.UserGroupsDaoTest" name="testFindUserById"/>
  <testcase time="0.01" classname="org.artifactory.storage.db.security.itest.dao.UserGroupsDaoTest" name="testFindUserByName"/>
  <testcase time="0.008" classname="org.artifactory.storage.db.security.itest.dao.UserGroupsDaoTest" name="testFindGroupById"/>
  <testcase time="0.057" classname="org.artifactory.storage.db.security.itest.dao.UserGroupsDaoTest" name="testDeleteUserAndGroupLinked"/>
  <testcase time="0.011" classname="org.artifactory.storage.db.security.itest.dao.UserGroupsDaoTest" name="testUpdateGroup"/>
  <testcase time="0.017" classname="org.artifactory.storage.db.security.itest.dao.UserGroupsDaoTest" name="testUpdateUser"/>
  <testcase time="0.002" classname="org.artifactory.storage.db.security.itest.dao.UserGroupsDaoTest" name="testWrongUpdateGroupName"/>
  <testcase time="0.004" classname="org.artifactory.storage.db.security.itest.dao.UserGroupsDaoTest" name="testWrongUpdateUser"/>
  <testcase time="0.002" classname="org.artifactory.storage.db.security.itest.dao.UserGroupsDaoTest" name="testDeleteGroup"/>
  <testcase time="0.003" classname="org.artifactory.storage.db.security.itest.dao.UserGroupsDaoTest" name="testDeleteUser"/>
  <testcase time="0.025" classname="org.artifactory.storage.db.security.itest.dao.UserGroupsDaoTest" name="testFindGroupByFilter"/>
  <testcase time="0.064" classname="org.artifactory.storage.db.security.itest.dao.UserGroupsDaoTest" name="testAddUsersToGroup"/>
  <testcase time="0.028" classname="org.artifactory.storage.db.security.itest.dao.AclsDaoTest" name="testCreateAclNoAces"/>
  <testcase time="0.02" classname="org.artifactory.storage.db.security.itest.dao.AclsDaoTest" name="testCreatePermissionTargetNoRepoKeys"/>
  <testcase time="0.003" classname="org.artifactory.storage.db.security.itest.dao.AclsDaoTest" name="testFindAclById"/>
  <testcase time="0.003" classname="org.artifactory.storage.db.security.itest.dao.AclsDaoTest" name="testFindAclByPermissionTargetId"/>
  <testcase time="0.006" classname="org.artifactory.storage.db.security.itest.dao.AclsDaoTest" name="testLoadPermissionTargets"/>
  <testcase time="0.015" classname="org.artifactory.storage.db.security.itest.dao.AclsDaoTest" name="testUserOrGroupHasAce"/>
  <testcase time="0" classname="org.artifactory.storage.db.security.itest.dao.AclsDaoTest" name="verifyDbResourcesReleased"/>
  <testcase time="0.009" classname="org.artifactory.storage.db.security.itest.dao.AclsDaoTest" name="testCreateAclWithAces"/>
  <testcase time="0.008" classname="org.artifactory.storage.db.security.itest.dao.AclsDaoTest" name="testCreatePermissionTargetWithRepoKeys"/>
  <testcase time="0.002" classname="org.artifactory.storage.db.security.itest.dao.AclsDaoTest" name="testCreatePermissionTargetWrongRepoKeys"/>
  <testcase time="0.028" classname="org.artifactory.storage.db.security.itest.dao.AclsDaoTest" name="testDeleteAcls"/>
  <testcase time="0.004" classname="org.artifactory.storage.db.security.itest.dao.AclsDaoTest" name="testDeletePermissionTarget"/>
  <testcase time="0.011" classname="org.artifactory.storage.db.security.itest.dao.AclsDaoTest" name="testLoadAllAcls"/>
  <testcase time="0.003" classname="org.artifactory.storage.db.security.itest.dao.FullDeleteAclsDaoTest" name="testDeletePermissionTargetWithAcl"/>
  <testcase time="0.002" classname="org.artifactory.storage.db.security.itest.dao.FullDeleteAclsDaoTest" name="testDeleteUserWithAce"/>
  <testcase time="0" classname="org.artifactory.storage.db.security.itest.dao.FullDeleteAclsDaoTest" name="verifyDbResourcesReleased"/>
  <testcase time="0.013" classname="org.artifactory.storage.db.security.itest.dao.FullDeleteAclsDaoTest" name="testDeleteAllData"/>
  <testcase time="0.017" classname="org.artifactory.storage.db.security.itest.dao.FullDeleteUserGroupsDaoTest" name="testDeleteLastAdmin"/>
  <testcase time="0" classname="org.artifactory.storage.db.security.itest.dao.FullDeleteUserGroupsDaoTest" name="verifyDbResourcesReleased"/>
  <testcase time="0.005" classname="org.artifactory.storage.db.security.itest.dao.FullDeleteUserGroupsDaoTest" name="testDeleteAllData"/>
  <testcase time="0" classname="org.artifactory.storage.db.security.itest.service.UserGroupServiceImplTest" name="verifyDbResourcesReleased"/>
  <testcase time="0.003" classname="org.artifactory.storage.db.security.itest.service.UserGroupServiceImplTest" name="createGroupExistingGroupName"/>
  <testcase time="0.004" classname="org.artifactory.storage.db.security.itest.service.UserGroupServiceImplTest" name="createUserExistingUsername"/>
  <testcase time="0.007" classname="org.artifactory.storage.db.security.itest.service.UserGroupServiceImplTest" name="createUserTest"/>
  <testcase time="0.002" classname="org.artifactory.storage.db.security.itest.service.UserGroupServiceImplTest" name="hasAnonymousUser"/>
  <testcase time="0.001" classname="org.artifactory.storage.db.security.itest.service.UserGroupServiceImplTest" name="hasDefaultAdmin"/>
  <testcase time="0" classname="org.artifactory.storage.db.fs.itest.ItemTreeTest" name="verifyDbResourcesReleased"/>
  <testcase time="0.027" classname="org.artifactory.storage.db.fs.itest.ItemTreeTest" name="preBuildTree"/>
  <testcase time="0.015" classname="org.artifactory.storage.db.fs.itest.ItemTreeTest" name="rootItemTree"/>
  <testcase time="0.002" classname="org.artifactory.storage.db.fs.itest.ItemTreeTest" name="treeWithFilter"/>
  <testcase time="0.329" classname="org.artifactory.storage.db.build.itest.dao.BuildsDaoTest" name="testCreateBuildSameNameAndNumber"/>
  <testcase time="0.013" classname="org.artifactory.storage.db.build.itest.dao.BuildsDaoTest" name="testCreateBuildWithPromotions"/>
  <testcase time="0.01" classname="org.artifactory.storage.db.build.itest.dao.BuildsDaoTest" name="testCreateBuildWithProps"/>
  <testcase time="0.008" classname="org.artifactory.storage.db.build.itest.dao.BuildsDaoTest" name="testCreateBuildWithPropsAndPromotions"/>
  <testcase time="0.005" classname="org.artifactory.storage.db.build.itest.dao.BuildsDaoTest" name="testSimpleCreateBuild"/>
  <testcase time="0" classname="org.artifactory.storage.db.build.itest.dao.BuildsDaoTest" name="verifyDbResourcesReleased"/>
  <testcase time="0.01" classname="org.artifactory.storage.db.build.itest.dao.BuildsDaoTest" name="testReadBuildsById"/>
  <testcase time="0.004" classname="org.artifactory.storage.db.build.itest.dao.BuildsDaoTest" name="testCreateBuildSameId"/>
  <testcase time="0.017" classname="org.artifactory.storage.db.build.itest.dao.BuildsDaoTest" name="testReadBuildsByFullPath"/>
  <testcase time="0.011" classname="org.artifactory.storage.db.build.itest.dao.BuildsDaoTest" name="testFindLatestBuildDate"/>
  <testcase time="0.059" classname="org.artifactory.storage.db.build.itest.dao.BuildsDaoTest" name="testDeleteBuilds"/>
  <testcase time="0.009" classname="org.artifactory.storage.db.build.itest.dao.BuildsDaoTest" name="testReadBuildsByName"/>
  <testcase time="0.031" classname="org.artifactory.storage.db.build.itest.dao.BuildModulesDaoTest" name="testCreateTwoBuildModulesWithProperties"/>
  <testcase time="0.009" classname="org.artifactory.storage.db.build.itest.dao.BuildModulesDaoTest" name="testReadBuildModulesById"/>
  <testcase time="0.004" classname="org.artifactory.storage.db.build.itest.dao.BuildModulesDaoTest" name="testSimpleCreateBuildModule"/>
  <testcase time="0" classname="org.artifactory.storage.db.build.itest.dao.BuildModulesDaoTest" name="verifyDbResourcesReleased"/>
  <testcase time="0.036" classname="org.artifactory.storage.db.build.itest.dao.BuildModulesDaoTest" name="testDeleteBuildModules"/>
  <testcase time="0.042" classname="org.artifactory.storage.db.build.itest.dao.BuildArtifactsDaoTest" name="testCreateMultipleArtifacts"/>
  <testcase time="0.01" classname="org.artifactory.storage.db.build.itest.dao.BuildArtifactsDaoTest" name="testCreateNullChecksumsDependencies"/>
  <testcase time="0.011" classname="org.artifactory.storage.db.build.itest.dao.BuildArtifactsDaoTest" name="testCreateSimpleArtifact"/>
  <testcase time="0" classname="org.artifactory.storage.db.build.itest.dao.BuildArtifactsDaoTest" name="verifyDbResourcesReleased"/>
  <testcase time="0.007" classname="org.artifactory.storage.db.build.itest.dao.BuildArtifactsDaoTest" name="testFindByMd5"/>
  <testcase time="0.007" classname="org.artifactory.storage.db.build.itest.dao.BuildArtifactsDaoTest" name="testFindBySha1"/>
  <testcase time="0.016" classname="org.artifactory.storage.db.build.itest.dao.BuildArtifactsDaoTest" name="testDeleteBuildArtifacts"/>
  <testcase time="0.029" classname="org.artifactory.storage.db.build.itest.dao.BuildDependenciesDaoTest" name="testCreateMultipleDependencies"/>
  <testcase time="0.01" classname="org.artifactory.storage.db.build.itest.dao.BuildDependenciesDaoTest" name="testCreateNullChecksumsDependencies"/>
  <testcase time="0.01" classname="org.artifactory.storage.db.build.itest.dao.BuildDependenciesDaoTest" name="testCreateSimpleDependency"/>
  <testcase time="0" classname="org.artifactory.storage.db.build.itest.dao.BuildDependenciesDaoTest" name="verifyDbResourcesReleased"/>
  <testcase time="0.007" classname="org.artifactory.storage.db.build.itest.dao.BuildDependenciesDaoTest" name="testFindByMd5"/>
  <testcase time="0.007" classname="org.artifactory.storage.db.build.itest.dao.BuildDependenciesDaoTest" name="testFindBySha1"/>
  <testcase time="0.017" classname="org.artifactory.storage.db.build.itest.dao.BuildDependenciesDaoTest" name="testDeleteBuildDependencies"/>
  <testcase time="0.141" classname="org.artifactory.storage.db.build.itest.service.BuildStoreServiceImplTest" name="testAddBuild"/>
  <testcase time="0" classname="org.artifactory.storage.db.build.itest.service.BuildStoreServiceImplTest" name="testSearchByChecksum"/>
  <testcase time="0.001" classname="org.artifactory.storage.db.build.itest.service.BuildStoreServiceImplTest" name="verifyDbResourcesReleased"/>
  <testcase time="0.005" classname="org.artifactory.storage.db.build.itest.service.BuildStoreServiceImplTest" name="testFindBuild"/>
  <testcase time="0.015" classname="org.artifactory.storage.db.build.itest.service.BuildStoreServiceImplTest" name="testGetAllBuildNames"/>
  <testcase time="0.015" classname="org.artifactory.storage.db.build.itest.service.BuildStoreServiceImplTest" name="testDeleteBuildB"/>
  <testcase time="0.012" classname="org.artifactory.storage.db.build.itest.service.BuildStoreServiceImplTest" name="testDeleteOneBuildA"/>
  <testcase time="0.064" classname="org.artifactory.storage.db.binstore.itest.service.BinaryStoreImplFileProviderTest" name="testEmpty"/>
  <testcase time="0.001" classname="org.artifactory.storage.db.binstore.itest.service.BinaryStoreImplFileProviderTest" name="verifyDbResourcesReleased"/>
  <testcase time="0.018" classname="org.artifactory.storage.db.binstore.itest.service.BinaryStoreImplFileProviderTest" name="testLoadResources"/>
  <testcase time="0.004" classname="org.artifactory.storage.db.binstore.itest.service.BinaryStoreImplFileProviderTest" name="testLoadResources"/>
  <testcase time="0.004" classname="org.artifactory.storage.db.binstore.itest.service.BinaryStoreImplFileProviderTest" name="testLoadResources"/>
  <testcase time="0.005" classname="org.artifactory.storage.db.binstore.itest.service.BinaryStoreImplFileProviderTest" name="testLoadResources"/>
  <testcase time="0.049" classname="org.artifactory.storage.db.binstore.itest.service.BinaryStoreImplFileProviderTest" name="testLoadedNothingToDelete"/>
  <testcase time="0.049" classname="org.artifactory.storage.db.binstore.itest.service.BinaryStoreImplFileProviderTest" name="testGarbageOneByOne"/>
  <testcase time="0.015" classname="org.artifactory.storage.db.binstore.itest.service.BinaryStoreImplFileProviderTest" name="testGarbageOneByOne"/>
  <testcase time="0.013" classname="org.artifactory.storage.db.binstore.itest.service.BinaryStoreImplFileProviderTest" name="testGarbageOneByOne"/>
  <testcase time="0.01" classname="org.artifactory.storage.db.binstore.itest.service.BinaryStoreImplFileProviderTest" name="testGarbageOneByOne"/>
  <testcase time="0.017" classname="org.artifactory.storage.db.binstore.itest.service.BinaryStoreImplCachedDbProviderTest" name="testEmpty"/>
  <testcase time="0" classname="org.artifactory.storage.db.binstore.itest.service.BinaryStoreImplCachedDbProviderTest" name="verifyDbResourcesReleased"/>
  <testcase time="0.028" classname="org.artifactory.storage.db.binstore.itest.service.BinaryStoreImplCachedDbProviderTest" name="testLoadResources"/>
  <testcase time="0.006" classname="org.artifactory.storage.db.binstore.itest.service.BinaryStoreImplCachedDbProviderTest" name="testLoadResources"/>
  <testcase time="0.006" classname="org.artifactory.storage.db.binstore.itest.service.BinaryStoreImplCachedDbProviderTest" name="testLoadResources"/>
  <testcase time="0.006" classname="org.artifactory.storage.db.binstore.itest.service.BinaryStoreImplCachedDbProviderTest" name="testLoadResources"/>
  <testcase time="0.033" classname="org.artifactory.storage.db.binstore.itest.service.BinaryStoreImplCachedDbProviderTest" name="testLoadedNothingToDelete"/>
  <testcase time="0.019" classname="org.artifactory.storage.db.binstore.itest.service.BinaryStoreImplCachedDbProviderTest" name="testGarbageOneByOne"/>
  <testcase time="0.013" classname="org.artifactory.storage.db.binstore.itest.service.BinaryStoreImplCachedDbProviderTest" name="testGarbageOneByOne"/>
  <testcase time="0.011" classname="org.artifactory.storage.db.binstore.itest.service.BinaryStoreImplCachedDbProviderTest" name="testGarbageOneByOne"/>
  <testcase time="0.012" classname="org.artifactory.storage.db.binstore.itest.service.BinaryStoreImplCachedDbProviderTest" name="testGarbageOneByOne"/>
  <testcase time="0.011" classname="org.artifactory.storage.db.binstore.itest.service.BinaryStoreExternalProviderPassThroughTest" name="testEmpty"/>
  <testcase time="0" classname="org.artifactory.storage.db.binstore.itest.service.BinaryStoreExternalProviderPassThroughTest" name="verifyDbResourcesReleased"/>
  <testcase time="0.003" classname="org.artifactory.storage.db.binstore.itest.service.BinaryStoreExternalProviderPassThroughTest" name="testLoadResources"/>
  <testcase time="0.003" classname="org.artifactory.storage.db.binstore.itest.service.BinaryStoreExternalProviderPassThroughTest" name="testLoadResources"/>
  <testcase time="0.004" classname="org.artifactory.storage.db.binstore.itest.service.BinaryStoreExternalProviderPassThroughTest" name="testLoadResources"/>
  <testcase time="0.004" classname="org.artifactory.storage.db.binstore.itest.service.BinaryStoreExternalProviderPassThroughTest" name="testLoadResources"/>
  <testcase time="0.034" classname="org.artifactory.storage.db.binstore.itest.service.BinaryStoreExternalProviderPassThroughTest" name="testLoadedNothingToDelete"/>
  <testcase time="0.015" classname="org.artifactory.storage.db.binstore.itest.service.BinaryStoreExternalProviderPassThroughTest" name="testGarbageOneByOne"/>
  <testcase time="0.013" classname="org.artifactory.storage.db.binstore.itest.service.BinaryStoreExternalProviderPassThroughTest" name="testGarbageOneByOne"/>
  <testcase time="0.011" classname="org.artifactory.storage.db.binstore.itest.service.BinaryStoreExternalProviderPassThroughTest" name="testGarbageOneByOne"/>
  <testcase time="0.01" classname="org.artifactory.storage.db.binstore.itest.service.BinaryStoreExternalProviderPassThroughTest" name="testGarbageOneByOne"/>
  <testcase time="0.013" classname="org.artifactory.storage.db.binstore.itest.service.BinaryStoreExternalProviderCopyFirstTest" name="testEmpty"/>
  <testcase time="0" classname="org.artifactory.storage.db.binstore.itest.service.BinaryStoreExternalProviderCopyFirstTest" name="verifyDbResourcesReleased"/>
  <testcase time="0.004" classname="org.artifactory.storage.db.binstore.itest.service.BinaryStoreExternalProviderCopyFirstTest" name="testLoadResources"/>
  <testcase time="0.003" classname="org.artifactory.storage.db.binstore.itest.service.BinaryStoreExternalProviderCopyFirstTest" name="testLoadResources"/>
  <testcase time="0.003" classname="org.artifactory.storage.db.binstore.itest.service.BinaryStoreExternalProviderCopyFirstTest" name="testLoadResources"/>
  <testcase time="0.005" classname="org.artifactory.storage.db.binstore.itest.service.BinaryStoreExternalProviderCopyFirstTest" name="testLoadResources"/>
  <testcase time="0.034" classname="org.artifactory.storage.db.binstore.itest.service.BinaryStoreExternalProviderCopyFirstTest" name="testLoadedNothingToDelete"/>
  <testcase time="0.014" classname="org.artifactory.storage.db.binstore.itest.service.BinaryStoreExternalProviderCopyFirstTest" name="testGarbageOneByOne"/>
  <testcase time="0.013" classname="org.artifactory.storage.db.binstore.itest.service.BinaryStoreExternalProviderCopyFirstTest" name="testGarbageOneByOne"/>
  <testcase time="0.013" classname="org.artifactory.storage.db.binstore.itest.service.BinaryStoreExternalProviderCopyFirstTest" name="testGarbageOneByOne"/>
  <testcase time="0.014" classname="org.artifactory.storage.db.binstore.itest.service.BinaryStoreExternalProviderCopyFirstTest" name="testGarbageOneByOne"/>
  <testcase time="0.01" classname="org.artifactory.storage.db.binstore.itest.service.BinaryStoreExternalProviderCopyOnReadTest" name="testEmpty"/>
  <testcase time="0" classname="org.artifactory.storage.db.binstore.itest.service.BinaryStoreExternalProviderCopyOnReadTest" name="verifyDbResourcesReleased"/>
  <testcase time="0.004" classname="org.artifactory.storage.db.binstore.itest.service.BinaryStoreExternalProviderCopyOnReadTest" name="testLoadResources"/>
  <testcase time="0.003" classname="org.artifactory.storage.db.binstore.itest.service.BinaryStoreExternalProviderCopyOnReadTest" name="testLoadResources"/>
  <testcase time="0.004" classname="org.artifactory.storage.db.binstore.itest.service.BinaryStoreExternalProviderCopyOnReadTest" name="testLoadResources"/>
  <testcase time="0.003" classname="org.artifactory.storage.db.binstore.itest.service.BinaryStoreExternalProviderCopyOnReadTest" name="testLoadResources"/>
  <testcase time="0.037" classname="org.artifactory.storage.db.binstore.itest.service.BinaryStoreExternalProviderCopyOnReadTest" name="testLoadedNothingToDelete"/>
  <testcase time="0.026" classname="org.artifactory.storage.db.binstore.itest.service.BinaryStoreExternalProviderCopyOnReadTest" name="testGarbageOneByOne"/>
  <testcase time="0.013" classname="org.artifactory.storage.db.binstore.itest.service.BinaryStoreExternalProviderCopyOnReadTest" name="testGarbageOneByOne"/>
  <testcase time="0.011" classname="org.artifactory.storage.db.binstore.itest.service.BinaryStoreExternalProviderCopyOnReadTest" name="testGarbageOneByOne"/>
  <testcase time="0.009" classname="org.artifactory.storage.db.binstore.itest.service.BinaryStoreExternalProviderCopyOnReadTest" name="testGarbageOneByOne"/>
  <testcase time="0.01" classname="org.artifactory.storage.db.binstore.itest.service.BinaryStoreExternalProviderMoveTest" name="testEmpty"/>
  <testcase time="0.001" classname="org.artifactory.storage.db.binstore.itest.service.BinaryStoreExternalProviderMoveTest" name="verifyDbResourcesReleased"/>
  <testcase time="0.003" classname="org.artifactory.storage.db.binstore.itest.service.BinaryStoreExternalProviderMoveTest" name="testLoadResources"/>
  <testcase time="0.003" classname="org.artifactory.storage.db.binstore.itest.service.BinaryStoreExternalProviderMoveTest" name="testLoadResources"/>
  <testcase time="0.003" classname="org.artifactory.storage.db.binstore.itest.service.BinaryStoreExternalProviderMoveTest" name="testLoadResources"/>
  <testcase time="0.003" classname="org.artifactory.storage.db.binstore.itest.service.BinaryStoreExternalProviderMoveTest" name="testLoadResources"/>
  <testcase time="0.033" classname="org.artifactory.storage.db.binstore.itest.service.BinaryStoreExternalProviderMoveTest" name="testLoadedNothingToDelete"/>
  <testcase time="0.014" classname="org.artifactory.storage.db.binstore.itest.service.BinaryStoreExternalProviderMoveTest" name="testGarbageOneByOne"/>
  <testcase time="0.012" classname="org.artifactory.storage.db.binstore.itest.service.BinaryStoreExternalProviderMoveTest" name="testGarbageOneByOne"/>
  <testcase time="0.012" classname="org.artifactory.storage.db.binstore.itest.service.BinaryStoreExternalProviderMoveTest" name="testGarbageOneByOne"/>
  <testcase time="0.01" classname="org.artifactory.storage.db.binstore.itest.service.BinaryStoreExternalProviderMoveTest" name="testGarbageOneByOne"/>
  <testcase time="0" classname="org.artifactory.storage.db.fs.itest.service.FileServiceSpecialCharsTest" name="verifyDbResourcesReleased"/>
  <testcase time="0.029" classname="org.artifactory.storage.db.fs.itest.service.FileServiceSpecialCharsTest" name="backslash"/>
  <testcase time="0.031" classname="org.artifactory.storage.db.fs.itest.service.FileServiceSpecialCharsTest" name="createFileValidChars"/>
  <testcase time="0.009" classname="org.artifactory.storage.db.fs.itest.service.FileServiceSpecialCharsTest" name="createFolderValidChars"/>
  <testcase time="0" classname="org.artifactory.storage.db.fs.itest.service.FileServiceSpecialCharsTest" name="illegalCarretLeft"/>
  <testcase time="0" classname="org.artifactory.storage.db.fs.itest.service.FileServiceSpecialCharsTest" name="illegalCarretRight"/>
  <testcase time="0" classname="org.artifactory.storage.db.fs.itest.service.FileServiceSpecialCharsTest" name="illegalColon"/>
  <testcase time="0" classname="org.artifactory.storage.db.fs.itest.service.FileServiceSpecialCharsTest" name="illegalPipe"/>
  <testcase time="0" classname="org.artifactory.storage.db.fs.itest.service.FileServiceSpecialCharsTest" name="illegalQuestionMark"/>
  <testcase time="0" classname="org.artifactory.storage.db.fs.itest.service.FileServiceSpecialCharsTest" name="illegalQuotationMark"/>
  <testcase time="0" classname="org.artifactory.storage.db.fs.itest.service.FileServiceSpecialCharsTest" name="illegalStar"/>
  <testcase time="0.006" classname="org.artifactory.storage.db.fs.itest.service.FileServiceSpecialCharsTest" name="invalidAllSpaces"/>
  <testcase time="0" classname="org.artifactory.storage.db.fs.itest.service.FileServiceSpecialCharsTest" name="invalidDot"/>
  <testcase time="0" classname="org.artifactory.storage.db.fs.itest.service.FileServiceSpecialCharsTest" name="invalidDotDot"/>
  <testcase time="0" classname="org.artifactory.storage.db.fs.itest.service.FileServiceSpecialCharsTest" name="invalidSingleAmpersand"/>
  <testcase time="0" classname="org.artifactory.storage.db.fs.itest.service.FileServiceSpecialCharsTest" name="invalidSingleColon"/>
  <testcase time="0" classname="org.artifactory.storage.db.fs.itest.service.FileServiceSpecialCharsTest" name="invalidSingleDot"/>
  <testcase time="0" classname="org.artifactory.storage.db.fs.itest.service.FileServiceSpecialCharsTest" name="invalidSingleDotDot"/>
  <testcase time="0.001" classname="org.artifactory.storage.db.fs.itest.service.FileServiceSpecialCharsTest" name="invalidSpaceAfterSlash"/>
  <testcase time="0" classname="org.artifactory.storage.db.fs.itest.service.FileServiceSpecialCharsTest" name="invalidSpaceBeforeSlash"/>
  <testcase time="0.004" classname="org.artifactory.storage.db.fs.itest.service.FileServiceSpecialCharsTest" name="rootRepo"/>
</testsuite>